Started by an SCM change
Obtained Jenkinsfile from git https://github.com/heshamalmosawi/ecommerce-microservice-springboot.git
[Pipeline] Start of Pipeline
[Pipeline] node
Running on Jenkins
 in /var/lib/jenkins/workspace/ecommerce-microservices-pipeline
[Pipeline] {
[Pipeline] stage
[Pipeline] { (Declarative: Checkout SCM)
[Pipeline] checkout
Selected Git installation does not exist. Using Default
The recommended git tool is: NONE
No credentials specified
 > git rev-parse --resolve-git-dir /var/lib/jenkins/workspace/ecommerce-microservices-pipeline/.git # timeout=10
Fetching changes from the remote Git repository
 > git config remote.origin.url https://github.com/heshamalmosawi/ecommerce-microservice-springboot.git # timeout=10
Fetching upstream changes from https://github.com/heshamalmosawi/ecommerce-microservice-springboot.git
 > git --version # timeout=10
 > git --version # 'git version 2.34.1'
 > git fetch --tags --force --progress -- https://github.com/heshamalmosawi/ecommerce-microservice-springboot.git +refs/heads/*:refs/remotes/origin/* # timeout=10
 > git rev-parse refs/remotes/origin/dev^{commit} # timeout=10
Checking out Revision 5dde95b875f2a7202f6cec4e092b0cdc29ea3a99 (refs/remotes/origin/dev)
 > git config core.sparsecheckout # timeout=10
 > git checkout -f 5dde95b875f2a7202f6cec4e092b0cdc29ea3a99 # timeout=10
Commit message: "fix: inject JwtService in AuthService to fix static method call"
 > git rev-list --no-walk 841087e7014f79af777b93ccd2acd800dcbac153 # timeout=10
[Pipeline] }
[Pipeline] // stage
[Pipeline] withEnv
[Pipeline] {
[Pipeline] withEnv
[Pipeline] {
[Pipeline] stage
[Pipeline] { (Declarative: Tool Install)
[Pipeline] tool
[Pipeline] envVarsForTool
[Pipeline] }
[Pipeline] // stage
[Pipeline] withEnv
[Pipeline] {
[Pipeline] stage
[Pipeline] { (Checkout & Setup)
[Pipeline] tool
[Pipeline] envVarsForTool
[Pipeline] withEnv
[Pipeline] {
[Pipeline] checkout
Selected Git installation does not exist. Using Default
The recommended git tool is: NONE
No credentials specified
 > git rev-parse --resolve-git-dir /var/lib/jenkins/workspace/ecommerce-microservices-pipeline/.git # timeout=10
Fetching changes from the remote Git repository
 > git config remote.origin.url https://github.com/heshamalmosawi/ecommerce-microservice-springboot.git # timeout=10
Fetching upstream changes from https://github.com/heshamalmosawi/ecommerce-microservice-springboot.git
 > git --version # timeout=10
 > git --version # 'git version 2.34.1'
 > git fetch --tags --force --progress -- https://github.com/heshamalmosawi/ecommerce-microservice-springboot.git +refs/heads/*:refs/remotes/origin/* # timeout=10
 > git rev-parse refs/remotes/origin/dev^{commit} # timeout=10
Checking out Revision 5dde95b875f2a7202f6cec4e092b0cdc29ea3a99 (refs/remotes/origin/dev)
 > git config core.sparsecheckout # timeout=10
 > git checkout -f 5dde95b875f2a7202f6cec4e092b0cdc29ea3a99 # timeout=10
Commit message: "fix: inject JwtService in AuthService to fix static method call"
[Pipeline] echo
Building branch: origin/dev
[Pipeline] }
[Pipeline] // withEnv
[Pipeline] }
[Pipeline] // stage
[Pipeline] stage
[Pipeline] { (📋 Info)
[Pipeline] tool
[Pipeline] envVarsForTool
[Pipeline] withEnv
[Pipeline] {
[Pipeline] echo
════════════════════════════════════════
[Pipeline] echo
Starting build #60
[Pipeline] echo
Branch: origin/dev
[Pipeline] echo
════════════════════════════════════════
[Pipeline] sh
+ java -version
openjdk version "21.0.9" 2025-10-21
OpenJDK Runtime Environment (build 21.0.9+10-Ubuntu-122.04)
OpenJDK 64-Bit Server VM (build 21.0.9+10-Ubuntu-122.04, mixed mode, sharing)
[Pipeline] sh
+ ./backend/mvnw -version
Apache Maven 3.9.11 (3e54c93a704957b63ee3494413a2b544fd3d825b)
Maven home: /var/lib/jenkins/.m2/wrapper/dists/apache-maven-3.9.11/a2d47e15
Java version: 21.0.9, vendor: Ubuntu, runtime: /usr/lib/jvm/java-21-openjdk-amd64
Default locale: en_US, platform encoding: UTF-8
OS name: "linux", version: "6.17.9-76061709-generic", arch: "amd64", family: "unix"
[Pipeline] echo
Checking Node.js and Chromium versions...
[Pipeline] sh
+ node --version
v22.14.0
[Pipeline] sh
+ npm --version
10.9.2
[Pipeline] sh
+ google-chrome --version
Google Chrome 144.0.7559.96 
[Pipeline] }
[Pipeline] // withEnv
[Pipeline] }
[Pipeline] // stage
[Pipeline] stage
[Pipeline] { (Backend build & test)
[Pipeline] tool
[Pipeline] envVarsForTool
[Pipeline] withEnv
[Pipeline] {
[Pipeline] dir
Running in /var/lib/jenkins/workspace/ecommerce-microservices-pipeline/backend
[Pipeline] {
[Pipeline] sh
+ ./mvnw -B -q clean install -T 2C
21:06:17.023 [main] INFO org.springframework.test.context.support.AnnotationConfigContextLoaderUtils -- Could not detect default configuration classes for test class [com.sayedhesham.apigateway.ApigatewayApplicationTests]: ApigatewayApplicationTests does not declare any static, non-private, non-final, nested classes annotated with @Configuration.
21:06:17.068 [main] INFO org.springframework.test.context.support.AnnotationConfigContextLoaderUtils -- Could not detect default configuration classes for test class [com.sayedhesham.eurekaserver.EurekaserverApplicationTests]: EurekaserverApplicationTests does not declare any static, non-private, non-final, nested classes annotated with @Configuration.
21:06:17.172 [main] INFO org.springframework.boot.test.context.SpringBootTestContextBootstrapper -- Found @SpringBootConfiguration com.sayedhesham.apigateway.ApigatewayApplication for test class com.sayedhesham.apigateway.ApigatewayApplicationTests
21:06:17.258 [main] INFO org.springframework.boot.test.context.SpringBootTestContextBootstrapper -- Found @SpringBootConfiguration com.sayedhesham.eurekaserver.EurekaserverApplication for test class com.sayedhesham.eurekaserver.EurekaserverApplicationTests

  .   ____          _            __ _ _
 /\\ / ___'_ __ _ _(_)_ __  __ _ \ \ \ \
( ( )\___ | '_ | '_| | '_ \/ _` | \ \ \ \
 \\/  ___)| |_)| | | | | || (_| |  ) ) ) )
  '  |____| .__|_| |_|_| |_\__, | / / / /
 =========|_|==============|___/=/_/_/_/

 :: Spring Boot ::                (v3.5.7)

2026-01-30T21:06:18.250+03:00  INFO 46358 --- [apigateway] [           main] c.s.a.ApigatewayApplicationTests         : Starting ApigatewayApplicationTests using Java 21.0.9 with PID 46358 (started by jenkins in /var/lib/jenkins/workspace/ecommerce-microservices-pipeline/backend/apigateway)
2026-01-30T21:06:18.254+03:00  INFO 46358 --- [apigateway] [           main] c.s.a.ApigatewayApplicationTests         : No active profile set, falling back to 1 default profile: "default"

  .   ____          _            __ _ _
 /\\ / ___'_ __ _ _(_)_ __  __ _ \ \ \ \
( ( )\___ | '_ | '_| | '_ \/ _` | \ \ \ \
 \\/  ___)| |_)| | | | | || (_| |  ) ) ) )
  '  |____| .__|_| |_|_| |_\__, | / / / /
 =========|_|==============|___/=/_/_/_/

 :: Spring Boot ::                (v3.5.7)

2026-01-30T21:06:18.396+03:00  INFO 46357 --- [eurekaserver] [           main] c.s.e.EurekaserverApplicationTests       : Starting EurekaserverApplicationTests using Java 21.0.9 with PID 46357 (started by jenkins in /var/lib/jenkins/workspace/ecommerce-microservices-pipeline/backend/eureka-service-discovery)
2026-01-30T21:06:18.399+03:00  INFO 46357 --- [eurekaserver] [           main] c.s.e.EurekaserverApplicationTests       : No active profile set, falling back to 1 default profile: "default"
Mockito is currently self-attaching to enable the inline-mock-maker. This will no longer work in future releases of the JDK. Please add Mockito as an agent to your build as described in Mockito's documentation: https://javadoc.io/doc/org.mockito/mockito-core/latest/org.mockito/org/mockito/Mockito.html#0.3
Mockito is currently self-attaching to enable the inline-mock-maker. This will no longer work in future releases of the JDK. Please add Mockito as an agent to your build as described in Mockito's documentation: https://javadoc.io/doc/org.mockito/mockito-core/latest/org.mockito/org/mockito/Mockito.html#0.3
Mockito is currently self-attaching to enable the inline-mock-maker. This will no longer work in future releases of the JDK. Please add Mockito as an agent to your build as described in Mockito's documentation: https://javadoc.io/doc/org.mockito/mockito-core/latest/org.mockito/org/mockito/Mockito.html#0.3
WARNING: A Java agent has been loaded dynamically (/var/lib/jenkins/.m2/repository/net/bytebuddy/byte-buddy-agent/1.17.8/byte-buddy-agent-1.17.8.jar)
WARNING: If a serviceability tool is in use, please run with -XX:+EnableDynamicAgentLoading to hide this warning
WARNING: If a serviceability tool is not in use, please run with -Djdk.instrument.traceUsage for more information
WARNING: Dynamic loading of agents will be disallowed by default in a future release
WARNING: A Java agent has been loaded dynamically (/var/lib/jenkins/.m2/repository/net/bytebuddy/byte-buddy-agent/1.17.8/byte-buddy-agent-1.17.8.jar)
WARNING: If a serviceability tool is in use, please run with -XX:+EnableDynamicAgentLoading to hide this warning
WARNING: If a serviceability tool is not in use, please run with -Djdk.instrument.traceUsage for more information
WARNING: Dynamic loading of agents will be disallowed by default in a future release
OpenJDK 64-Bit Server VM warning: Sharing is only supported for boot loader classes because bootstrap classpath has been appended
OpenJDK 64-Bit Server VM warning: Sharing is only supported for boot loader classes because bootstrap classpath has been appended
WARNING: A Java agent has been loaded dynamically (/var/lib/jenkins/.m2/repository/net/bytebuddy/byte-buddy-agent/1.17.8/byte-buddy-agent-1.17.8.jar)
WARNING: If a serviceability tool is in use, please run with -XX:+EnableDynamicAgentLoading to hide this warning
WARNING: If a serviceability tool is not in use, please run with -Djdk.instrument.traceUsage for more information
WARNING: Dynamic loading of agents will be disallowed by default in a future release
OpenJDK 64-Bit Server VM warning: Sharing is only supported for boot loader classes because bootstrap classpath has been appended
2026-01-30T21:06:20.151+03:00  INFO 46358 --- [apigateway] [           main] o.s.cloud.context.scope.GenericScope     : BeanFactory id=be4ec8b4-4264-36f9-adf8-d678b044eb8a
2026-01-30T21:06:20.810+03:00  INFO 46357 --- [eurekaserver] [           main] o.s.cloud.context.scope.GenericScope     : BeanFactory id=8d6deb93-b503-3a0e-ac19-dbff877c1e0e
Standard Commons Logging discovery in action with spring-jcl: please remove commons-logging.jar from classpath in order to avoid potential conflicts
21:06:21.072 [main] INFO com.sayedhesham.mediaservice.service.MediaService -- Successfully uploaded media: ID=media1, type=avatar, owner=user123, size=1KB
21:06:21.170 [main] INFO com.sayedhesham.mediaservice.service.MediaService -- Successfully uploaded media: ID=media1, type=avatar, owner=user123, size=1KB
21:06:21.171 [main] INFO com.sayedhesham.mediaservice.service.MediaService -- Successfully uploaded media: ID=media1, type=avatar, owner=user123, size=1KB
21:06:21.173 [main] INFO com.sayedhesham.mediaservice.service.MediaService -- Successfully uploaded media: ID=media1, type=avatar, owner=user123, size=1KB
21:06:21.173 [main] INFO com.sayedhesham.mediaservice.service.MediaService -- Successfully uploaded media: ID=media1, type=avatar, owner=user123, size=1KB
21:06:21.174 [main] INFO com.sayedhesham.mediaservice.service.MediaService -- Successfully uploaded media: ID=media1, type=avatar, owner=user123, size=1KB
21:06:21.240 [main] INFO com.sayedhesham.mediaservice.service.MediaService -- Successfully deleted media: media1
21:06:21.540 [main] INFO com.sayedhesham.mediaservice.service.MediaService -- Successfully uploaded media: ID=media1, type=avatar, owner=user123, size=1KB
2026-01-30T21:06:21.545+03:00  INFO 46357 --- [eurekaserver] [           main] o.s.v.b.OptionalValidatorFactoryBean     : Failed to set up a Bean Validation provider: jakarta.validation.NoProviderFoundException: Unable to create a Configuration, because no Jakarta Bean Validation provider could be found. Add a provider like Hibernate Validator (RI) to your classpath.
2026-01-30T21:06:21.558+03:00  WARN 46358 --- [apigateway] [           main] GatewayClassPathWarningAutoConfiguration : 

**********************************************************

The artifact spring-cloud-gateway-server is deprecated. It will be removed in the next major release. Please add spring-cloud-gateway-server-webflux dependency.

**********************************************************


21:06:21.639 [main] INFO com.sayedhesham.mediaservice.service.MediaService -- Successfully uploaded media: ID=media1, type=avatar, owner=user123, size=1KB
21:06:21.640 [main] INFO com.sayedhesham.mediaservice.service.MediaService -- Successfully uploaded media: ID=media1, type=product_image, owner=user123, size=1KB
21:06:22.044 [main] INFO org.springframework.test.context.support.AnnotationConfigContextLoaderUtils -- Could not detect default configuration classes for test class [com.sayedhesham.mediaservice.MediaServiceApplicationTests]: MediaServiceApplicationTests does not declare any static, non-private, non-final, nested classes annotated with @Configuration.
2026-01-30T21:06:22.500+03:00  INFO 46358 --- [apigateway] [           main] o.s.c.g.r.RouteDefinitionRouteLocator    : Loaded RoutePredicateFactory [After]
2026-01-30T21:06:22.501+03:00  INFO 46358 --- [apigateway] [           main] o.s.c.g.r.RouteDefinitionRouteLocator    : Loaded RoutePredicateFactory [Before]
2026-01-30T21:06:22.501+03:00  INFO 46358 --- [apigateway] [           main] o.s.c.g.r.RouteDefinitionRouteLocator    : Loaded RoutePredicateFactory [Between]
2026-01-30T21:06:22.501+03:00  INFO 46358 --- [apigateway] [           main] o.s.c.g.r.RouteDefinitionRouteLocator    : Loaded RoutePredicateFactory [Cookie]
2026-01-30T21:06:22.502+03:00  INFO 46358 --- [apigateway] [           main] o.s.c.g.r.RouteDefinitionRouteLocator    : Loaded RoutePredicateFactory [Header]
2026-01-30T21:06:22.502+03:00  INFO 46358 --- [apigateway] [           main] o.s.c.g.r.RouteDefinitionRouteLocator    : Loaded RoutePredicateFactory [Host]
2026-01-30T21:06:22.502+03:00  INFO 46358 --- [apigateway] [           main] o.s.c.g.r.RouteDefinitionRouteLocator    : Loaded RoutePredicateFactory [Method]
2026-01-30T21:06:22.502+03:00  INFO 46358 --- [apigateway] [           main] o.s.c.g.r.RouteDefinitionRouteLocator    : Loaded RoutePredicateFactory [Path]
2026-01-30T21:06:22.502+03:00  INFO 46358 --- [apigateway] [           main] o.s.c.g.r.RouteDefinitionRouteLocator    : Loaded RoutePredicateFactory [Query]
2026-01-30T21:06:22.502+03:00  INFO 46358 --- [apigateway] [           main] o.s.c.g.r.RouteDefinitionRouteLocator    : Loaded RoutePredicateFactory [ReadBody]
2026-01-30T21:06:22.502+03:00  INFO 46358 --- [apigateway] [           main] o.s.c.g.r.RouteDefinitionRouteLocator    : Loaded RoutePredicateFactory [RemoteAddr]
2026-01-30T21:06:22.502+03:00  INFO 46358 --- [apigateway] [           main] o.s.c.g.r.RouteDefinitionRouteLocator    : Loaded RoutePredicateFactory [XForwardedRemoteAddr]
2026-01-30T21:06:22.502+03:00  INFO 46358 --- [apigateway] [           main] o.s.c.g.r.RouteDefinitionRouteLocator    : Loaded RoutePredicateFactory [Weight]
2026-01-30T21:06:22.503+03:00  INFO 46358 --- [apigateway] [           main] o.s.c.g.r.RouteDefinitionRouteLocator    : Loaded RoutePredicateFactory [CloudFoundryRouteService]
[ERROR] Tests run: 9, Failures: 0, Errors: 1, Skipped: 0, Time elapsed: 0.543 s <<< FAILURE! -- in com.sayedhesham.userservice.service.AuthServiceTest
[ERROR] com.sayedhesham.userservice.service.AuthServiceTest.loginUser_WithValidCredentials_ShouldReturnLoginResponse -- Time elapsed: 0.071 s <<< ERROR!
java.lang.NullPointerException: Cannot invoke "com.sayedhesham.userservice.service.security.JwtService.generateToken(com.sayedhesham.userservice.model.User)" because "this.jwtService" is null
	at com.sayedhesham.userservice.service.AuthService.loginUser(AuthService.java:89)
	at com.sayedhesham.userservice.service.AuthServiceTest.loginUser_WithValidCredentials_ShouldReturnLoginResponse(AuthServiceTest.java:133)
	at java.base/java.lang.reflect.Method.invoke(Method.java:580)
	at java.base/java.util.ArrayList.forEach(ArrayList.java:1596)
	at java.base/java.util.ArrayList.forEach(ArrayList.java:1596)

Standard Commons Logging discovery in action with spring-jcl: please remove commons-logging.jar from classpath in order to avoid potential conflicts
Standard Commons Logging discovery in action with spring-jcl: please remove commons-logging.jar from classpath in order to avoid potential conflicts
21:06:22.875 [main] INFO org.springframework.boot.test.context.SpringBootTestContextBootstrapper -- Found @SpringBootConfiguration com.sayedhesham.mediaservice.MediaServiceApplication for test class com.sayedhesham.mediaservice.MediaServiceApplicationTests
21:06:22.856 [main] INFO org.springframework.test.context.support.AnnotationConfigContextLoaderUtils -- Could not detect default configuration classes for test class [com.sayedhesham.userservice.UserServiceApplicationTests]: UserServiceApplicationTests does not declare any static, non-private, non-final, nested classes annotated with @Configuration.
2026-01-30T21:06:23.185+03:00  INFO 46358 --- [apigateway] [           main] DiscoveryClientOptionalArgsConfiguration : Eureka HTTP Client uses RestTemplate.
21:06:23.319 [main] INFO org.springframework.boot.test.context.SpringBootTestContextBootstrapper -- Found @SpringBootConfiguration com.sayedhesham.userservice.UserServiceApplication for test class com.sayedhesham.userservice.UserServiceApplicationTests
2026-01-30T21:06:23.302+03:00  WARN 46358 --- [apigateway] [           main] s.w.s.StarterDeprecatedAutoConfiguration : 

**********************************************************

spring-cloud-starter-gateway is deprecated. It will be removed in the next major release. Please use spring-cloud-starter-gateway-server-webflux instead.

**********************************************************


2026-01-30T21:06:23.315+03:00  WARN 46358 --- [apigateway] [           main] iguration$LoadBalancerCaffeineWarnLogger : Spring Cloud LoadBalancer is currently working with the default cache. While this cache implementation is useful for development and tests, it's recommended to use Caffeine cache in production.You can switch to using Caffeine cache, by adding it and org.springframework.cache.caffeine.CaffeineCacheManager to the classpath.
21:06:23.261 [main] INFO org.springframework.test.context.support.AnnotationConfigContextLoaderUtils -- Could not detect default configuration classes for test class [com.sayedhesham.productservice.ProductServiceApplicationTests]: ProductServiceApplicationTests does not declare any static, non-private, non-final, nested classes annotated with @Configuration.
2026-01-30T21:06:23.459+03:00  INFO 46358 --- [apigateway] [           main] o.s.c.n.eureka.InstanceInfoFactory       : Setting initial instance status as: STARTING
2026-01-30T21:06:23.619+03:00  INFO 46358 --- [apigateway] [           main] com.netflix.discovery.DiscoveryClient    : Initializing Eureka in region us-east-1
2026-01-30T21:06:23.635+03:00  INFO 46358 --- [apigateway] [           main] c.n.d.s.r.aws.ConfigClusterResolver      : Resolving eureka endpoints via configuration
2026-01-30T21:06:23.691+03:00  INFO 46358 --- [apigateway] [           main] com.netflix.discovery.DiscoveryClient    : Disable delta property : false
2026-01-30T21:06:23.693+03:00  INFO 46358 --- [apigateway] [           main] com.netflix.discovery.DiscoveryClient    : Single vip registry refresh property : null
2026-01-30T21:06:23.694+03:00  INFO 46358 --- [apigateway] [           main] com.netflix.discovery.DiscoveryClient    : Force full registry fetch : false
2026-01-30T21:06:23.694+03:00  INFO 46358 --- [apigateway] [           main] com.netflix.discovery.DiscoveryClient    : Application is null : false
2026-01-30T21:06:23.694+03:00  INFO 46358 --- [apigateway] [           main] com.netflix.discovery.DiscoveryClient    : Registered Applications size is zero : true
2026-01-30T21:06:23.694+03:00  INFO 46358 --- [apigateway] [           main] com.netflix.discovery.DiscoveryClient    : Application version is -1: true
2026-01-30T21:06:23.694+03:00  INFO 46358 --- [apigateway] [           main] com.netflix.discovery.DiscoveryClient    : Getting all instance registry info from the eureka server
21:06:23.721 [main] INFO org.springframework.boot.test.context.SpringBootTestContextBootstrapper -- Found @SpringBootConfiguration com.sayedhesham.productservice.ProductServiceApplication for test class com.sayedhesham.productservice.ProductServiceApplicationTests
2026-01-30T21:06:23.949+03:00  WARN 46357 --- [eurekaserver] [           main] iguration$LoadBalancerCaffeineWarnLogger : Spring Cloud LoadBalancer is currently working with the default cache. While this cache implementation is useful for development and tests, it's recommended to use Caffeine cache in production.You can switch to using Caffeine cache, by adding it and org.springframework.cache.caffeine.CaffeineCacheManager to the classpath.
2026-01-30T21:06:24.368+03:00  INFO 46357 --- [eurekaserver] [           main] o.s.c.n.eureka.InstanceInfoFactory       : Setting initial instance status as: STARTING
2026-01-30T21:06:24.396+03:00  INFO 46357 --- [eurekaserver] [           main] com.netflix.discovery.DiscoveryClient    : Initializing Eureka in region us-east-1
2026-01-30T21:06:24.397+03:00  INFO 46357 --- [eurekaserver] [           main] com.netflix.discovery.DiscoveryClient    : Client configured to neither register nor query for data.
2026-01-30T21:06:24.403+03:00  INFO 46357 --- [eurekaserver] [           main] com.netflix.discovery.DiscoveryClient    : Discovery Client initialized at timestamp 1769796384402 with initial instances count: 0
2026-01-30T21:06:24.549+03:00  INFO 46357 --- [eurekaserver] [           main] c.n.eureka.DefaultEurekaServerContext    : Initializing ...
2026-01-30T21:06:24.553+03:00  INFO 46357 --- [eurekaserver] [           main] c.n.eureka.cluster.PeerEurekaNodes       : Adding new peer nodes [http://localhost:8761/eureka/]

  .   ____          _            __ _ _
 /\\ / ___'_ __ _ _(_)_ __  __ _ \ \ \ \
( ( )\___ | '_ | '_| | '_ \/ _` | \ \ \ \
 \\/  ___)| |_)| | | | | || (_| |  ) ) ) )
  '  |____| .__|_| |_|_| |_\__, | / / / /
 =========|_|==============|___/=/_/_/_/

 :: Spring Boot ::                (v3.5.7)

2026-01-30T21:06:24.888+03:00  INFO 46357 --- [eurekaserver] [           main] c.n.d.provider.DiscoveryJerseyProvider   : Using JSON encoding codec LegacyJacksonJson
2026-01-30T21:06:24.889+03:00  INFO 46357 --- [eurekaserver] [           main] c.n.d.provider.DiscoveryJerseyProvider   : Using JSON decoding codec LegacyJacksonJson
2026-01-30T21:06:24.892+03:00  INFO 46357 --- [eurekaserver] [           main] c.n.d.provider.DiscoveryJerseyProvider   : Using XML encoding codec XStreamXml
2026-01-30T21:06:24.893+03:00  INFO 46357 --- [eurekaserver] [           main] c.n.d.provider.DiscoveryJerseyProvider   : Using XML decoding codec XStreamXml

  .   ____          _            __ _ _
 /\\ / ___'_ __ _ _(_)_ __  __ _ \ \ \ \
( ( )\___ | '_ | '_| | '_ \/ _` | \ \ \ \
 \\/  ___)| |_)| | | | | || (_| |  ) ) ) )
  '  |____| .__|_| |_|_| |_\__, | / / / /
 =========|_|==============|___/=/_/_/_/

 :: Spring Boot ::                (v3.5.7)

2026-01-30T21:06:24.890+03:00  INFO 46439 --- [userservice] [           main] c.s.u.UserServiceApplicationTests        : Starting UserServiceApplicationTests using Java 21.0.9 with PID 46439 (started by jenkins in /var/lib/jenkins/workspace/ecommerce-microservices-pipeline/backend/user-service)
2026-01-30T21:06:24.895+03:00  INFO 46439 --- [userservice] [           main] c.s.u.UserServiceApplicationTests        : No active profile set, falling back to 1 default profile: "default"
2026-01-30T21:06:24.926+03:00  INFO 46358 --- [apigateway] [           main] com.netflix.discovery.DiscoveryClient    : The response status is 200
2026-01-30T21:06:24.934+03:00  INFO 46358 --- [apigateway] [           main] com.netflix.discovery.DiscoveryClient    : Starting heartbeat executor: renew interval is: 30
2026-01-30T21:06:24.942+03:00  INFO 46358 --- [apigateway] [           main] c.n.discovery.InstanceInfoReplicator     : InstanceInfoReplicator onDemand update allowed rate per min is 4
2026-01-30T21:06:24.952+03:00  INFO 46358 --- [apigateway] [           main] com.netflix.discovery.DiscoveryClient    : Discovery Client initialized at timestamp 1769796384951 with initial instances count: 4
2026-01-30T21:06:24.958+03:00  INFO 46358 --- [apigateway] [           main] o.s.c.n.e.s.EurekaServiceRegistry        : Registering application APIGATEWAY with eureka with status UP
2026-01-30T21:06:24.959+03:00  INFO 46358 --- [apigateway] [           main] com.netflix.discovery.DiscoveryClient    : Saw local status change event StatusChangeEvent [timestamp=1769796384959, current=UP, previous=STARTING]
2026-01-30T21:06:24.961+03:00  INFO 46358 --- [apigateway] [foReplicator-%d] com.netflix.discovery.DiscoveryClient    : DiscoveryClient_APIGATEWAY/pop-os:apigateway:8443: registering service...
2026-01-30T21:06:24.992+03:00  INFO 46443 --- [mediaservice] [           main] c.s.m.MediaServiceApplicationTests       : Starting MediaServiceApplicationTests using Java 21.0.9 with PID 46443 (started by jenkins in /var/lib/jenkins/workspace/ecommerce-microservices-pipeline/backend/media-service)
2026-01-30T21:06:24.994+03:00  INFO 46443 --- [mediaservice] [           main] c.s.m.MediaServiceApplicationTests       : No active profile set, falling back to 1 default profile: "default"
2026-01-30T21:06:25.081+03:00  INFO 46358 --- [apigateway] [foReplicator-%d] com.netflix.discovery.DiscoveryClient    : DiscoveryClient_APIGATEWAY/pop-os:apigateway:8443 - registration status: 204

  .   ____          _            __ _ _
 /\\ / ___'_ __ _ _(_)_ __  __ _ \ \ \ \
( ( )\___ | '_ | '_| | '_ \/ _` | \ \ \ \
 \\/  ___)| |_)| | | | | || (_| |  ) ) ) )
  '  |____| .__|_| |_|_| |_\__, | / / / /
 =========|_|==============|___/=/_/_/_/

 :: Spring Boot ::                (v3.5.7)

2026-01-30T21:06:25.136+03:00  INFO 46357 --- [eurekaserver] [           main] c.n.eureka.cluster.PeerEurekaNodes       : Replica node URL:  http://localhost:8761/eureka/
2026-01-30T21:06:25.176+03:00  INFO 46357 --- [eurekaserver] [           main] c.n.e.registry.AbstractInstanceRegistry  : Finished initializing remote region registries. All known remote regions: []
2026-01-30T21:06:25.177+03:00  INFO 46357 --- [eurekaserver] [           main] c.n.eureka.DefaultEurekaServerContext    : Initialized
2026-01-30T21:06:25.213+03:00  INFO 46358 --- [apigateway] [           main] c.s.a.ApigatewayApplicationTests         : Started ApigatewayApplicationTests in 7.551 seconds (process running for 9.118)
Mockito is currently self-attaching to enable the inline-mock-maker. This will no longer work in future releases of the JDK. Please add Mockito as an agent to your build as described in Mockito's documentation: https://javadoc.io/doc/org.mockito/mockito-core/latest/org.mockito/org/mockito/Mockito.html#0.3
2026-01-30T21:06:25.394+03:00  INFO 46563 --- [productservice] [           main] c.s.p.ProductServiceApplicationTests     : Starting ProductServiceApplicationTests using Java 21.0.9 with PID 46563 (started by jenkins in /var/lib/jenkins/workspace/ecommerce-microservices-pipeline/backend/product-service)
2026-01-30T21:06:25.401+03:00  INFO 46563 --- [productservice] [           main] c.s.p.ProductServiceApplicationTests     : No active profile set, falling back to 1 default profile: "default"
2026-01-30T21:06:25.507+03:00  INFO 46357 --- [eurekaserver] [           main] o.s.b.a.e.web.EndpointLinksResolver      : Exposing 1 endpoint beneath base path '/actuator'
2026-01-30T21:06:25.679+03:00  INFO 46357 --- [eurekaserver] [           main] o.s.c.n.e.s.EurekaServiceRegistry        : Registering application EUREKASERVER with eureka with status UP
2026-01-30T21:06:25.719+03:00  INFO 46357 --- [eurekaserver] [      Thread-10] o.s.c.n.e.server.EurekaServerBootstrap   : isAws returned false
2026-01-30T21:06:25.727+03:00  INFO 46357 --- [eurekaserver] [      Thread-10] o.s.c.n.e.server.EurekaServerBootstrap   : Initialized server context
2026-01-30T21:06:25.728+03:00  INFO 46357 --- [eurekaserver] [      Thread-10] c.n.e.r.PeerAwareInstanceRegistryImpl    : Got 1 instances from neighboring DS node
2026-01-30T21:06:25.728+03:00  INFO 46357 --- [eurekaserver] [      Thread-10] c.n.e.r.PeerAwareInstanceRegistryImpl    : Renew threshold is: 1
2026-01-30T21:06:25.728+03:00  INFO 46357 --- [eurekaserver] [      Thread-10] c.n.e.r.PeerAwareInstanceRegistryImpl    : Changing status to UP
2026-01-30T21:06:25.732+03:00  INFO 46357 --- [eurekaserver] [           main] c.s.e.EurekaserverApplicationTests       : Started EurekaserverApplicationTests in 7.964 seconds (process running for 9.634)
2026-01-30T21:06:25.739+03:00  INFO 46357 --- [eurekaserver] [      Thread-10] e.s.EurekaServerInitializerConfiguration : Started Eureka Server
OpenJDK 64-Bit Server VM warning: Sharing is only supported for boot loader classes because bootstrap classpath has been appended
WARNING: A Java agent has been loaded dynamically (/var/lib/jenkins/.m2/repository/net/bytebuddy/byte-buddy-agent/1.17.8/byte-buddy-agent-1.17.8.jar)
WARNING: If a serviceability tool is in use, please run with -XX:+EnableDynamicAgentLoading to hide this warning
WARNING: If a serviceability tool is not in use, please run with -Djdk.instrument.traceUsage for more information
WARNING: Dynamic loading of agents will be disallowed by default in a future release
Mockito is currently self-attaching to enable the inline-mock-maker. This will no longer work in future releases of the JDK. Please add Mockito as an agent to your build as described in Mockito's documentation: https://javadoc.io/doc/org.mockito/mockito-core/latest/org.mockito/org/mockito/Mockito.html#0.3
WARNING: A Java agent has been loaded dynamically (/var/lib/jenkins/.m2/repository/net/bytebuddy/byte-buddy-agent/1.17.8/byte-buddy-agent-1.17.8.jar)
WARNING: If a serviceability tool is in use, please run with -XX:+EnableDynamicAgentLoading to hide this warning
WARNING: If a serviceability tool is not in use, please run with -Djdk.instrument.traceUsage for more information
WARNING: Dynamic loading of agents will be disallowed by default in a future release
OpenJDK 64-Bit Server VM warning: Sharing is only supported for boot loader classes because bootstrap classpath has been appended
2026-01-30T21:06:27.390+03:00  INFO 46443 --- [mediaservice] [           main] .s.d.r.c.RepositoryConfigurationDelegate : Bootstrapping Spring Data MongoDB repositories in DEFAULT mode.
2026-01-30T21:06:27.478+03:00  INFO 46439 --- [userservice] [           main] .s.d.r.c.RepositoryConfigurationDelegate : Bootstrapping Spring Data MongoDB repositories in DEFAULT mode.
2026-01-30T21:06:27.726+03:00  INFO 46443 --- [mediaservice] [           main] .s.d.r.c.RepositoryConfigurationDelegate : Finished Spring Data repository scanning in 320 ms. Found 1 MongoDB repository interface.
2026-01-30T21:06:27.791+03:00  INFO 46439 --- [userservice] [           main] .s.d.r.c.RepositoryConfigurationDelegate : Finished Spring Data repository scanning in 300 ms. Found 1 MongoDB repository interface.
2026-01-30T21:06:28.278+03:00  INFO 46563 --- [productservice] [           main] .s.d.r.c.RepositoryConfigurationDelegate : Bootstrapping Spring Data MongoDB repositories in DEFAULT mode.
2026-01-30T21:06:28.922+03:00  INFO 46563 --- [productservice] [           main] .s.d.r.c.RepositoryConfigurationDelegate : Finished Spring Data repository scanning in 606 ms. Found 2 MongoDB repository interfaces.
2026-01-30T21:06:28.968+03:00  INFO 46439 --- [userservice] [           main] o.s.cloud.context.scope.GenericScope     : BeanFactory id=5b0dfb62-b341-3ab3-81c0-955d7d54ae1e
2026-01-30T21:06:29.103+03:00  INFO 46443 --- [mediaservice] [           main] o.s.cloud.context.scope.GenericScope     : BeanFactory id=d6b2ba7a-f258-318b-b63d-d670776e45e4
2026-01-30T21:06:30.230+03:00  INFO 46563 --- [productservice] [           main] o.s.cloud.context.scope.GenericScope     : BeanFactory id=2382507f-0f2f-3c96-aac7-063e0a59ee8c
2026-01-30T21:06:30.367+03:00  INFO 46439 --- [userservice] [           main] org.mongodb.driver.client                : MongoClient with metadata {"driver": {"name": "mongo-java-driver|sync|spring-boot", "version": "5.5.2"}, "os": {"type": "Linux", "name": "Linux", "architecture": "amd64", "version": "6.17.9-76061709-generic"}, "platform": "Java/Ubuntu/21.0.9+10-Ubuntu-122.04"} created with settings MongoClientSettings{readPreference=primary, writeConcern=WriteConcern{w=null, wTimeout=null ms, journal=null}, retryWrites=true, retryReads=true, readConcern=ReadConcern{level=null}, credential=MongoCredential{mechanism=null, userName='rootuser', source='admin', password=<hidden>, mechanismProperties=<hidden>}, transportSettings=null, commandListeners=[], codecRegistry=ProvidersCodecRegistry{codecProviders=[ValueCodecProvider{}, BsonValueCodecProvider{}, DBRefCodecProvider{}, DBObjectCodecProvider{}, DocumentCodecProvider{}, CollectionCodecProvider{}, IterableCodecProvider{}, MapCodecProvider{}, GeoJsonCodecProvider{}, GridFSFileCodecProvider{}, Jsr310CodecProvider{}, JsonObjectCodecProvider{}, BsonCodecProvider{}, EnumCodecProvider{}, com.mongodb.client.model.mql.ExpressionCodecProvider@4eb48298, com.mongodb.Jep395RecordCodecProvider@2d3bb944, com.mongodb.KotlinCodecProvider@1e429f56]}, loggerSettings=LoggerSettings{maxDocumentLength=1000}, clusterSettings={hosts=[localhost:27017], srvServiceName=mongodb, mode=SINGLE, requiredClusterType=UNKNOWN, requiredReplicaSetName='null', serverSelector='null', clusterListeners='[]', serverSelectionTimeout='30000 ms', localThreshold='15 ms'}, socketSettings=SocketSettings{connectTimeoutMS=10000, readTimeoutMS=0, receiveBufferSize=0, proxySettings=ProxySettings{host=null, port=null, username=null, password=null}}, heartbeatSocketSettings=SocketSettings{connectTimeoutMS=10000, readTimeoutMS=10000, receiveBufferSize=0, proxySettings=ProxySettings{host=null, port=null, username=null, password=null}}, connectionPoolSettings=ConnectionPoolSettings{maxSize=100, minSize=0, maxWaitTimeMS=120000, maxConnectionLifeTimeMS=0, maxConnectionIdleTimeMS=0, maintenanceInitialDelayMS=0, maintenanceFrequencyMS=60000, connectionPoolListeners=[], maxConnecting=2}, serverSettings=ServerSettings{heartbeatFrequencyMS=10000, minHeartbeatFrequencyMS=500, serverMonitoringMode=AUTO, serverListeners='[]', serverMonitorListeners='[]'}, sslSettings=SslSettings{enabled=false, invalidHostNameAllowed=false, context=null}, applicationName='null', compressorList=[], uuidRepresentation=JAVA_LEGACY, serverApi=null, autoEncryptionSettings=null, dnsClient=null, inetAddressResolver=null, contextProvider=null, timeoutMS=null}
2026-01-30T21:06:30.474+03:00  INFO 46439 --- [userservice] [localhost:27017] org.mongodb.driver.cluster               : Monitor thread successfully connected to server with description ServerDescription{address=localhost:27017, type=STANDALONE, cryptd=false, state=CONNECTED, ok=true, minWireVersion=0, maxWireVersion=21, maxDocumentSize=16777216, logicalSessionTimeoutMinutes=30, roundTripTimeNanos=125535011, minRoundTripTimeNanos=0}
2026-01-30T21:06:30.707+03:00  INFO 46443 --- [mediaservice] [           main] org.mongodb.driver.client                : MongoClient with metadata {"driver": {"name": "mongo-java-driver|sync|spring-boot", "version": "5.5.2"}, "os": {"type": "Linux", "name": "Linux", "architecture": "amd64", "version": "6.17.9-76061709-generic"}, "platform": "Java/Ubuntu/21.0.9+10-Ubuntu-122.04"} created with settings MongoClientSettings{readPreference=primary, writeConcern=WriteConcern{w=null, wTimeout=null ms, journal=null}, retryWrites=true, retryReads=true, readConcern=ReadConcern{level=null}, credential=MongoCredential{mechanism=null, userName='rootuser', source='admin', password=<hidden>, mechanismProperties=<hidden>}, transportSettings=null, commandListeners=[], codecRegistry=ProvidersCodecRegistry{codecProviders=[ValueCodecProvider{}, BsonValueCodecProvider{}, DBRefCodecProvider{}, DBObjectCodecProvider{}, DocumentCodecProvider{}, CollectionCodecProvider{}, IterableCodecProvider{}, MapCodecProvider{}, GeoJsonCodecProvider{}, GridFSFileCodecProvider{}, Jsr310CodecProvider{}, JsonObjectCodecProvider{}, BsonCodecProvider{}, EnumCodecProvider{}, com.mongodb.client.model.mql.ExpressionCodecProvider@4a2d66e, com.mongodb.Jep395RecordCodecProvider@4dffff9, com.mongodb.KotlinCodecProvider@2904bc56]}, loggerSettings=LoggerSettings{maxDocumentLength=1000}, clusterSettings={hosts=[localhost:27017], srvServiceName=mongodb, mode=SINGLE, requiredClusterType=UNKNOWN, requiredReplicaSetName='null', serverSelector='null', clusterListeners='[]', serverSelectionTimeout='30000 ms', localThreshold='15 ms'}, socketSettings=SocketSettings{connectTimeoutMS=10000, readTimeoutMS=0, receiveBufferSize=0, proxySettings=ProxySettings{host=null, port=null, username=null, password=null}}, heartbeatSocketSettings=SocketSettings{connectTimeoutMS=10000, readTimeoutMS=10000, receiveBufferSize=0, proxySettings=ProxySettings{host=null, port=null, username=null, password=null}}, connectionPoolSettings=ConnectionPoolSettings{maxSize=100, minSize=0, maxWaitTimeMS=120000, maxConnectionLifeTimeMS=0, maxConnectionIdleTimeMS=0, maintenanceInitialDelayMS=0, maintenanceFrequencyMS=60000, connectionPoolListeners=[], maxConnecting=2}, serverSettings=ServerSettings{heartbeatFrequencyMS=10000, minHeartbeatFrequencyMS=500, serverMonitoringMode=AUTO, serverListeners='[]', serverMonitorListeners='[]'}, sslSettings=SslSettings{enabled=false, invalidHostNameAllowed=false, context=null}, applicationName='null', compressorList=[], uuidRepresentation=JAVA_LEGACY, serverApi=null, autoEncryptionSettings=null, dnsClient=null, inetAddressResolver=null, contextProvider=null, timeoutMS=null}
2026-01-30T21:06:30.852+03:00  INFO 46443 --- [mediaservice] [localhost:27017] org.mongodb.driver.cluster               : Monitor thread successfully connected to server with description ServerDescription{address=localhost:27017, type=STANDALONE, cryptd=false, state=CONNECTED, ok=true, minWireVersion=0, maxWireVersion=21, maxDocumentSize=16777216, logicalSessionTimeoutMinutes=30, roundTripTimeNanos=112404445, minRoundTripTimeNanos=0}
2026-01-30T21:06:31.622+03:00  INFO 46563 --- [productservice] [           main] org.mongodb.driver.client                : MongoClient with metadata {"driver": {"name": "mongo-java-driver|sync|spring-boot", "version": "5.5.2"}, "os": {"type": "Linux", "name": "Linux", "architecture": "amd64", "version": "6.17.9-76061709-generic"}, "platform": "Java/Ubuntu/21.0.9+10-Ubuntu-122.04"} created with settings MongoClientSettings{readPreference=primary, writeConcern=WriteConcern{w=null, wTimeout=null ms, journal=null}, retryWrites=true, retryReads=true, readConcern=ReadConcern{level=null}, credential=MongoCredential{mechanism=null, userName='rootuser', source='admin', password=<hidden>, mechanismProperties=<hidden>}, transportSettings=null, commandListeners=[], codecRegistry=ProvidersCodecRegistry{codecProviders=[ValueCodecProvider{}, BsonValueCodecProvider{}, DBRefCodecProvider{}, DBObjectCodecProvider{}, DocumentCodecProvider{}, CollectionCodecProvider{}, IterableCodecProvider{}, MapCodecProvider{}, GeoJsonCodecProvider{}, GridFSFileCodecProvider{}, Jsr310CodecProvider{}, JsonObjectCodecProvider{}, BsonCodecProvider{}, EnumCodecProvider{}, com.mongodb.client.model.mql.ExpressionCodecProvider@7be859de, com.mongodb.Jep395RecordCodecProvider@40fcaae7, com.mongodb.KotlinCodecProvider@7fa85a55]}, loggerSettings=LoggerSettings{maxDocumentLength=1000}, clusterSettings={hosts=[localhost:27017], srvServiceName=mongodb, mode=SINGLE, requiredClusterType=UNKNOWN, requiredReplicaSetName='null', serverSelector='null', clusterListeners='[]', serverSelectionTimeout='30000 ms', localThreshold='15 ms'}, socketSettings=SocketSettings{connectTimeoutMS=10000, readTimeoutMS=0, receiveBufferSize=0, proxySettings=ProxySettings{host=null, port=null, username=null, password=null}}, heartbeatSocketSettings=SocketSettings{connectTimeoutMS=10000, readTimeoutMS=10000, receiveBufferSize=0, proxySettings=ProxySettings{host=null, port=null, username=null, password=null}}, connectionPoolSettings=ConnectionPoolSettings{maxSize=100, minSize=0, maxWaitTimeMS=120000, maxConnectionLifeTimeMS=0, maxConnectionIdleTimeMS=0, maintenanceInitialDelayMS=0, maintenanceFrequencyMS=60000, connectionPoolListeners=[], maxConnecting=2}, serverSettings=ServerSettings{heartbeatFrequencyMS=10000, minHeartbeatFrequencyMS=500, serverMonitoringMode=AUTO, serverListeners='[]', serverMonitorListeners='[]'}, sslSettings=SslSettings{enabled=false, invalidHostNameAllowed=false, context=null}, applicationName='null', compressorList=[], uuidRepresentation=JAVA_LEGACY, serverApi=null, autoEncryptionSettings=null, dnsClient=null, inetAddressResolver=null, contextProvider=null, timeoutMS=null}
2026-01-30T21:06:31.710+03:00  INFO 46563 --- [productservice] [localhost:27017] org.mongodb.driver.cluster               : Monitor thread successfully connected to server with description ServerDescription{address=localhost:27017, type=STANDALONE, cryptd=false, state=CONNECTED, ok=true, minWireVersion=0, maxWireVersion=21, maxDocumentSize=16777216, logicalSessionTimeoutMinutes=30, roundTripTimeNanos=75337457, minRoundTripTimeNanos=0}
2026-01-30T21:06:32.509+03:00  WARN 46439 --- [userservice] [           main] .s.s.UserDetailsServiceAutoConfiguration : 

Using generated security password: 3d647c0d-b386-4927-970c-8712c0d7691c

This generated password is for development use only. Your security configuration must be updated before running your application in production.

2026-01-30T21:06:32.531+03:00  INFO 46439 --- [userservice] [           main] r$InitializeUserDetailsManagerConfigurer : Global AuthenticationManager configured with UserDetailsService bean with name inMemoryUserDetailsManager
Configuring security filter chain...
2026-01-30T21:06:33.138+03:00  INFO 46439 --- [userservice] [           main] o.s.v.b.OptionalValidatorFactoryBean     : Failed to set up a Bean Validation provider: jakarta.validation.NoProviderFoundException: Unable to create a Configuration, because no Jakarta Bean Validation provider could be found. Add a provider like Hibernate Validator (RI) to your classpath.
2026-01-30T21:06:33.544+03:00  INFO 46443 --- [mediaservice] [           main] DiscoveryClientOptionalArgsConfiguration : Eureka HTTP Client uses RestTemplate.
2026-01-30T21:06:33.719+03:00  WARN 46443 --- [mediaservice] [           main] iguration$LoadBalancerCaffeineWarnLogger : Spring Cloud LoadBalancer is currently working with the default cache. While this cache implementation is useful for development and tests, it's recommended to use Caffeine cache in production.You can switch to using Caffeine cache, by adding it and org.springframework.cache.caffeine.CaffeineCacheManager to the classpath.
2026-01-30T21:06:34.007+03:00  INFO 46439 --- [userservice] [           main] DiscoveryClientOptionalArgsConfiguration : Eureka HTTP Client uses RestTemplate.
2026-01-30T21:06:34.127+03:00  WARN 46563 --- [productservice] [           main] .s.s.UserDetailsServiceAutoConfiguration : 

Using generated security password: b8599e78-5554-4d9f-8c57-c3fd6081edc5

This generated password is for development use only. Your security configuration must be updated before running your application in production.

2026-01-30T21:06:34.115+03:00  INFO 46443 --- [mediaservice] [           main] o.a.k.clients.consumer.ConsumerConfig    : ConsumerConfig values: 
	allow.auto.create.topics = true
	auto.commit.interval.ms = 5000
	auto.include.jmx.reporter = true
	auto.offset.reset = earliest
	bootstrap.servers = [localhost:9092]
	check.crcs = true
	client.dns.lookup = use_all_dns_ips
	client.id = consumer-mediaservice-group-1
	client.rack = 
	connections.max.idle.ms = 540000
	default.api.timeout.ms = 60000
	enable.auto.commit = false
	enable.metrics.push = true
	exclude.internal.topics = true
	fetch.max.bytes = 52428800
	fetch.max.wait.ms = 500
	fetch.min.bytes = 1
	group.id = mediaservice-group
	group.instance.id = null
	group.protocol = classic
	group.remote.assignor = null
	heartbeat.interval.ms = 3000
	interceptor.classes = []
	internal.leave.group.on.close = true
	internal.throw.on.fetch.stable.offset.unsupported = false
	isolation.level = read_uncommitted
	key.deserializer = class org.apache.kafka.common.serialization.StringDeserializer
	max.partition.fetch.bytes = 1048576
	max.poll.interval.ms = 300000
	max.poll.records = 500
	metadata.max.age.ms = 300000
	metadata.recovery.strategy = none
	metric.reporters = []
	metrics.num.samples = 2
	metrics.recording.level = INFO
	metrics.sample.window.ms = 30000
	partition.assignment.strategy = [class org.apache.kafka.clients.consumer.RangeAssignor, class org.apache.kafka.clients.consumer.CooperativeStickyAssignor]
	receive.buffer.bytes = 65536
	reconnect.backoff.max.ms = 1000
	reconnect.backoff.ms = 50
	request.timeout.ms = 30000
	retry.backoff.max.ms = 1000
	retry.backoff.ms = 100
	sasl.client.callback.handler.class = null
	sasl.jaas.config = null
	sasl.kerberos.kinit.cmd = /usr/bin/kinit
	sasl.kerberos.min.time.before.relogin = 60000
	sasl.kerberos.service.name = null
	sasl.kerberos.ticket.renew.jitter = 0.05
	sasl.kerberos.ticket.renew.window.factor = 0.8
	sasl.login.callback.handler.class = null
	sasl.login.class = null
	sasl.login.connect.timeout.ms = null
	sasl.login.read.timeout.ms = null
	sasl.login.refresh.buffer.seconds = 300
	sasl.login.refresh.min.period.seconds = 60
	sasl.login.refresh.window.factor = 0.8
	sasl.login.refresh.window.jitter = 0.05
	sasl.login.retry.backoff.max.ms = 10000
	sasl.login.retry.backoff.ms = 100
	sasl.mechanism = GSSAPI
	sasl.oauthbearer.clock.skew.seconds = 30
	sasl.oauthbearer.expected.audience = null
	sasl.oauthbearer.expected.issuer = null
	sasl.oauthbearer.header.urlencode = false
	sasl.oauthbearer.jwks.endpoint.refresh.ms = 3600000
	sasl.oauthbearer.jwks.endpoint.retry.backoff.max.ms = 10000
	sasl.oauthbearer.jwks.endpoint.retry.backoff.ms = 100
	sasl.oauthbearer.jwks.endpoint.url = null
	sasl.oauthbearer.scope.claim.name = scope
	sasl.oauthbearer.sub.claim.name = sub
	sasl.oauthbearer.token.endpoint.url = null
	security.protocol = PLAINTEXT
	security.providers = null
	send.buffer.bytes = 131072
	session.timeout.ms = 45000
	socket.connection.setup.timeout.max.ms = 30000
	socket.connection.setup.timeout.ms = 10000
	ssl.cipher.suites = null
	ssl.enabled.protocols = [TLSv1.2, TLSv1.3]
	ssl.endpoint.identification.algorithm = https
	ssl.engine.factory.class = null
	ssl.key.password = null
	ssl.keymanager.algorithm = SunX509
	ssl.keystore.certificate.chain = null
	ssl.keystore.key = null
	ssl.keystore.location = null
	ssl.keystore.password = null
	ssl.keystore.type = JKS
	ssl.protocol = TLSv1.3
	ssl.provider = null
	ssl.secure.random.implementation = null
	ssl.trustmanager.algorithm = PKIX
	ssl.truststore.certificates = null
	ssl.truststore.location = null
	ssl.truststore.password = null
	ssl.truststore.type = JKS
	value.deserializer = class org.apache.kafka.common.serialization.StringDeserializer

2026-01-30T21:06:34.209+03:00  WARN 46439 --- [userservice] [           main] iguration$LoadBalancerCaffeineWarnLogger : Spring Cloud LoadBalancer is currently working with the default cache. While this cache implementation is useful for development and tests, it's recommended to use Caffeine cache in production.You can switch to using Caffeine cache, by adding it and org.springframework.cache.caffeine.CaffeineCacheManager to the classpath.
2026-01-30T21:06:34.153+03:00  INFO 46563 --- [productservice] [           main] r$InitializeUserDetailsManagerConfigurer : Global AuthenticationManager configured with UserDetailsService bean with name inMemoryUserDetailsManager
Configuring security filter chain...
2026-01-30T21:06:34.217+03:00  INFO 46443 --- [mediaservice] [           main] o.a.k.c.t.i.KafkaMetricsCollector        : initializing Kafka metrics collector
2026-01-30T21:06:34.540+03:00  INFO 46563 --- [productservice] [           main] o.s.v.b.OptionalValidatorFactoryBean     : Failed to set up a Bean Validation provider: jakarta.validation.NoProviderFoundException: Unable to create a Configuration, because no Jakarta Bean Validation provider could be found. Add a provider like Hibernate Validator (RI) to your classpath.
2026-01-30T21:06:34.523+03:00  INFO 46439 --- [userservice] [           main] o.a.k.clients.consumer.ConsumerConfig    : ConsumerConfig values: 
	allow.auto.create.topics = true
	auto.commit.interval.ms = 5000
	auto.include.jmx.reporter = true
	auto.offset.reset = earliest
	bootstrap.servers = [localhost:9092]
	check.crcs = true
	client.dns.lookup = use_all_dns_ips
	client.id = consumer-userservice-group-1
	client.rack = 
	connections.max.idle.ms = 540000
	default.api.timeout.ms = 60000
	enable.auto.commit = false
	enable.metrics.push = true
	exclude.internal.topics = true
	fetch.max.bytes = 52428800
	fetch.max.wait.ms = 500
	fetch.min.bytes = 1
	group.id = userservice-group
	group.instance.id = null
	group.protocol = classic
	group.remote.assignor = null
	heartbeat.interval.ms = 3000
	interceptor.classes = []
	internal.leave.group.on.close = true
	internal.throw.on.fetch.stable.offset.unsupported = false
	isolation.level = read_uncommitted
	key.deserializer = class org.apache.kafka.common.serialization.StringDeserializer
	max.partition.fetch.bytes = 1048576
	max.poll.interval.ms = 300000
	max.poll.records = 500
	metadata.max.age.ms = 300000
	metadata.recovery.strategy = none
	metric.reporters = []
	metrics.num.samples = 2
	metrics.recording.level = INFO
	metrics.sample.window.ms = 30000
	partition.assignment.strategy = [class org.apache.kafka.clients.consumer.RangeAssignor, class org.apache.kafka.clients.consumer.CooperativeStickyAssignor]
	receive.buffer.bytes = 65536
	reconnect.backoff.max.ms = 1000
	reconnect.backoff.ms = 50
	request.timeout.ms = 30000
	retry.backoff.max.ms = 1000
	retry.backoff.ms = 100
	sasl.client.callback.handler.class = null
	sasl.jaas.config = null
	sasl.kerberos.kinit.cmd = /usr/bin/kinit
	sasl.kerberos.min.time.before.relogin = 60000
	sasl.kerberos.service.name = null
	sasl.kerberos.ticket.renew.jitter = 0.05
	sasl.kerberos.ticket.renew.window.factor = 0.8
	sasl.login.callback.handler.class = null
	sasl.login.class = null
	sasl.login.connect.timeout.ms = null
	sasl.login.read.timeout.ms = null
	sasl.login.refresh.buffer.seconds = 300
	sasl.login.refresh.min.period.seconds = 60
	sasl.login.refresh.window.factor = 0.8
	sasl.login.refresh.window.jitter = 0.05
	sasl.login.retry.backoff.max.ms = 10000
	sasl.login.retry.backoff.ms = 100
	sasl.mechanism = GSSAPI
	sasl.oauthbearer.clock.skew.seconds = 30
	sasl.oauthbearer.expected.audience = null
	sasl.oauthbearer.expected.issuer = null
	sasl.oauthbearer.header.urlencode = false
	sasl.oauthbearer.jwks.endpoint.refresh.ms = 3600000
	sasl.oauthbearer.jwks.endpoint.retry.backoff.max.ms = 10000
	sasl.oauthbearer.jwks.endpoint.retry.backoff.ms = 100
	sasl.oauthbearer.jwks.endpoint.url = null
	sasl.oauthbearer.scope.claim.name = scope
	sasl.oauthbearer.sub.claim.name = sub
	sasl.oauthbearer.token.endpoint.url = null
	security.protocol = PLAINTEXT
	security.providers = null
	send.buffer.bytes = 131072
	session.timeout.ms = 45000
	socket.connection.setup.timeout.max.ms = 30000
	socket.connection.setup.timeout.ms = 10000
	ssl.cipher.suites = null
	ssl.enabled.protocols = [TLSv1.2, TLSv1.3]
	ssl.endpoint.identification.algorithm = https
	ssl.engine.factory.class = null
	ssl.key.password = null
	ssl.keymanager.algorithm = SunX509
	ssl.keystore.certificate.chain = null
	ssl.keystore.key = null
	ssl.keystore.location = null
	ssl.keystore.password = null
	ssl.keystore.type = JKS
	ssl.protocol = TLSv1.3
	ssl.provider = null
	ssl.secure.random.implementation = null
	ssl.trustmanager.algorithm = PKIX
	ssl.truststore.certificates = null
	ssl.truststore.location = null
	ssl.truststore.password = null
	ssl.truststore.type = JKS
	value.deserializer = class org.apache.kafka.common.serialization.StringDeserializer

2026-01-30T21:06:34.714+03:00  INFO 46439 --- [userservice] [           main] o.a.k.c.t.i.KafkaMetricsCollector        : initializing Kafka metrics collector
2026-01-30T21:06:34.811+03:00  INFO 46443 --- [mediaservice] [           main] o.a.kafka.common.utils.AppInfoParser     : Kafka version: 3.9.1
2026-01-30T21:06:34.814+03:00  INFO 46443 --- [mediaservice] [           main] o.a.kafka.common.utils.AppInfoParser     : Kafka commitId: f745dfdcee2b9851
2026-01-30T21:06:34.815+03:00  INFO 46443 --- [mediaservice] [           main] o.a.kafka.common.utils.AppInfoParser     : Kafka startTimeMs: 1769796394804
2026-01-30T21:06:34.829+03:00  INFO 46443 --- [mediaservice] [           main] o.a.k.c.c.i.ClassicKafkaConsumer         : [Consumer clientId=consumer-mediaservice-group-1, groupId=mediaservice-group] Subscribed to topic(s): user.avatar.delete
2026-01-30T21:06:34.857+03:00  INFO 46443 --- [mediaservice] [           main] o.a.k.clients.consumer.ConsumerConfig    : ConsumerConfig values: 
	allow.auto.create.topics = true
	auto.commit.interval.ms = 5000
	auto.include.jmx.reporter = true
	auto.offset.reset = earliest
	bootstrap.servers = [localhost:9092]
	check.crcs = true
	client.dns.lookup = use_all_dns_ips
	client.id = consumer-mediaservice-group-2
	client.rack = 
	connections.max.idle.ms = 540000
	default.api.timeout.ms = 60000
	enable.auto.commit = false
	enable.metrics.push = true
	exclude.internal.topics = true
	fetch.max.bytes = 52428800
	fetch.max.wait.ms = 500
	fetch.min.bytes = 1
	group.id = mediaservice-group
	group.instance.id = null
	group.protocol = classic
	group.remote.assignor = null
	heartbeat.interval.ms = 3000
	interceptor.classes = []
	internal.leave.group.on.close = true
	internal.throw.on.fetch.stable.offset.unsupported = false
	isolation.level = read_uncommitted
	key.deserializer = class org.apache.kafka.common.serialization.StringDeserializer
	max.partition.fetch.bytes = 1048576
	max.poll.interval.ms = 300000
	max.poll.records = 500
	metadata.max.age.ms = 300000
	metadata.recovery.strategy = none
	metric.reporters = []
	metrics.num.samples = 2
	metrics.recording.level = INFO
	metrics.sample.window.ms = 30000
	partition.assignment.strategy = [class org.apache.kafka.clients.consumer.RangeAssignor, class org.apache.kafka.clients.consumer.CooperativeStickyAssignor]
	receive.buffer.bytes = 65536
	reconnect.backoff.max.ms = 1000
	reconnect.backoff.ms = 50
	request.timeout.ms = 30000
	retry.backoff.max.ms = 1000
	retry.backoff.ms = 100
	sasl.client.callback.handler.class = null
	sasl.jaas.config = null
	sasl.kerberos.kinit.cmd = /usr/bin/kinit
	sasl.kerberos.min.time.before.relogin = 60000
	sasl.kerberos.service.name = null
	sasl.kerberos.ticket.renew.jitter = 0.05
	sasl.kerberos.ticket.renew.window.factor = 0.8
	sasl.login.callback.handler.class = null
	sasl.login.class = null
	sasl.login.connect.timeout.ms = null
	sasl.login.read.timeout.ms = null
	sasl.login.refresh.buffer.seconds = 300
	sasl.login.refresh.min.period.seconds = 60
	sasl.login.refresh.window.factor = 0.8
	sasl.login.refresh.window.jitter = 0.05
	sasl.login.retry.backoff.max.ms = 10000
	sasl.login.retry.backoff.ms = 100
	sasl.mechanism = GSSAPI
	sasl.oauthbearer.clock.skew.seconds = 30
	sasl.oauthbearer.expected.audience = null
	sasl.oauthbearer.expected.issuer = null
	sasl.oauthbearer.header.urlencode = false
	sasl.oauthbearer.jwks.endpoint.refresh.ms = 3600000
	sasl.oauthbearer.jwks.endpoint.retry.backoff.max.ms = 10000
	sasl.oauthbearer.jwks.endpoint.retry.backoff.ms = 100
	sasl.oauthbearer.jwks.endpoint.url = null
	sasl.oauthbearer.scope.claim.name = scope
	sasl.oauthbearer.sub.claim.name = sub
	sasl.oauthbearer.token.endpoint.url = null
	security.protocol = PLAINTEXT
	security.providers = null
	send.buffer.bytes = 131072
	session.timeout.ms = 45000
	socket.connection.setup.timeout.max.ms = 30000
	socket.connection.setup.timeout.ms = 10000
	ssl.cipher.suites = null
	ssl.enabled.protocols = [TLSv1.2, TLSv1.3]
	ssl.endpoint.identification.algorithm = https
	ssl.engine.factory.class = null
	ssl.key.password = null
	ssl.keymanager.algorithm = SunX509
	ssl.keystore.certificate.chain = null
	ssl.keystore.key = null
	ssl.keystore.location = null
	ssl.keystore.password = null
	ssl.keystore.type = JKS
	ssl.protocol = TLSv1.3
	ssl.provider = null
	ssl.secure.random.implementation = null
	ssl.trustmanager.algorithm = PKIX
	ssl.truststore.certificates = null
	ssl.truststore.location = null
	ssl.truststore.password = null
	ssl.truststore.type = JKS
	value.deserializer = class org.apache.kafka.common.serialization.StringDeserializer

2026-01-30T21:06:34.859+03:00  INFO 46443 --- [mediaservice] [           main] o.a.k.c.t.i.KafkaMetricsCollector        : initializing Kafka metrics collector
2026-01-30T21:06:34.908+03:00  INFO 46443 --- [mediaservice] [           main] o.a.kafka.common.utils.AppInfoParser     : Kafka version: 3.9.1
2026-01-30T21:06:34.909+03:00  INFO 46443 --- [mediaservice] [           main] o.a.kafka.common.utils.AppInfoParser     : Kafka commitId: f745dfdcee2b9851
2026-01-30T21:06:34.909+03:00  INFO 46443 --- [mediaservice] [           main] o.a.kafka.common.utils.AppInfoParser     : Kafka startTimeMs: 1769796394908
2026-01-30T21:06:34.910+03:00  INFO 46443 --- [mediaservice] [           main] o.a.k.c.c.i.ClassicKafkaConsumer         : [Consumer clientId=consumer-mediaservice-group-2, groupId=mediaservice-group] Subscribed to topic(s): product.image.upload
2026-01-30T21:06:34.944+03:00  INFO 46443 --- [mediaservice] [           main] o.a.k.clients.consumer.ConsumerConfig    : ConsumerConfig values: 
	allow.auto.create.topics = true
	auto.commit.interval.ms = 5000
	auto.include.jmx.reporter = true
	auto.offset.reset = earliest
	bootstrap.servers = [localhost:9092]
	check.crcs = true
	client.dns.lookup = use_all_dns_ips
	client.id = consumer-mediaservice-group-3
	client.rack = 
	connections.max.idle.ms = 540000
	default.api.timeout.ms = 60000
	enable.auto.commit = false
	enable.metrics.push = true
	exclude.internal.topics = true
	fetch.max.bytes = 52428800
	fetch.max.wait.ms = 500
	fetch.min.bytes = 1
	group.id = mediaservice-group
	group.instance.id = null
	group.protocol = classic
	group.remote.assignor = null
	heartbeat.interval.ms = 3000
	interceptor.classes = []
	internal.leave.group.on.close = true
	internal.throw.on.fetch.stable.offset.unsupported = false
	isolation.level = read_uncommitted
	key.deserializer = class org.apache.kafka.common.serialization.StringDeserializer
	max.partition.fetch.bytes = 1048576
	max.poll.interval.ms = 300000
	max.poll.records = 500
	metadata.max.age.ms = 300000
	metadata.recovery.strategy = none
	metric.reporters = []
	metrics.num.samples = 2
	metrics.recording.level = INFO
	metrics.sample.window.ms = 30000
	partition.assignment.strategy = [class org.apache.kafka.clients.consumer.RangeAssignor, class org.apache.kafka.clients.consumer.CooperativeStickyAssignor]
	receive.buffer.bytes = 65536
	reconnect.backoff.max.ms = 1000
	reconnect.backoff.ms = 50
	request.timeout.ms = 30000
	retry.backoff.max.ms = 1000
	retry.backoff.ms = 100
	sasl.client.callback.handler.class = null
	sasl.jaas.config = null
	sasl.kerberos.kinit.cmd = /usr/bin/kinit
	sasl.kerberos.min.time.before.relogin = 60000
	sasl.kerberos.service.name = null
	sasl.kerberos.ticket.renew.jitter = 0.05
	sasl.kerberos.ticket.renew.window.factor = 0.8
	sasl.login.callback.handler.class = null
	sasl.login.class = null
	sasl.login.connect.timeout.ms = null
	sasl.login.read.timeout.ms = null
	sasl.login.refresh.buffer.seconds = 300
	sasl.login.refresh.min.period.seconds = 60
	sasl.login.refresh.window.factor = 0.8
	sasl.login.refresh.window.jitter = 0.05
	sasl.login.retry.backoff.max.ms = 10000
	sasl.login.retry.backoff.ms = 100
	sasl.mechanism = GSSAPI
	sasl.oauthbearer.clock.skew.seconds = 30
	sasl.oauthbearer.expected.audience = null
	sasl.oauthbearer.expected.issuer = null
	sasl.oauthbearer.header.urlencode = false
	sasl.oauthbearer.jwks.endpoint.refresh.ms = 3600000
	sasl.oauthbearer.jwks.endpoint.retry.backoff.max.ms = 10000
	sasl.oauthbearer.jwks.endpoint.retry.backoff.ms = 100
	sasl.oauthbearer.jwks.endpoint.url = null
	sasl.oauthbearer.scope.claim.name = scope
	sasl.oauthbearer.sub.claim.name = sub
	sasl.oauthbearer.token.endpoint.url = null
	security.protocol = PLAINTEXT
	security.providers = null
	send.buffer.bytes = 131072
	session.timeout.ms = 45000
	socket.connection.setup.timeout.max.ms = 30000
	socket.connection.setup.timeout.ms = 10000
	ssl.cipher.suites = null
	ssl.enabled.protocols = [TLSv1.2, TLSv1.3]
	ssl.endpoint.identification.algorithm = https
	ssl.engine.factory.class = null
	ssl.key.password = null
	ssl.keymanager.algorithm = SunX509
	ssl.keystore.certificate.chain = null
	ssl.keystore.key = null
	ssl.keystore.location = null
	ssl.keystore.password = null
	ssl.keystore.type = JKS
	ssl.protocol = TLSv1.3
	ssl.provider = null
	ssl.secure.random.implementation = null
	ssl.trustmanager.algorithm = PKIX
	ssl.truststore.certificates = null
	ssl.truststore.location = null
	ssl.truststore.password = null
	ssl.truststore.type = JKS
	value.deserializer = class org.apache.kafka.common.serialization.StringDeserializer

2026-01-30T21:06:34.947+03:00  INFO 46443 --- [mediaservice] [           main] o.a.k.c.t.i.KafkaMetricsCollector        : initializing Kafka metrics collector
2026-01-30T21:06:34.959+03:00  INFO 46443 --- [mediaservice] [           main] o.a.kafka.common.utils.AppInfoParser     : Kafka version: 3.9.1
2026-01-30T21:06:34.960+03:00  INFO 46443 --- [mediaservice] [           main] o.a.kafka.common.utils.AppInfoParser     : Kafka commitId: f745dfdcee2b9851
2026-01-30T21:06:34.960+03:00  INFO 46443 --- [mediaservice] [           main] o.a.kafka.common.utils.AppInfoParser     : Kafka startTimeMs: 1769796394959
2026-01-30T21:06:34.969+03:00  INFO 46443 --- [mediaservice] [           main] o.a.k.c.c.i.ClassicKafkaConsumer         : [Consumer clientId=consumer-mediaservice-group-3, groupId=mediaservice-group] Subscribed to topic(s): product.image.update
2026-01-30T21:06:34.981+03:00  INFO 46443 --- [mediaservice] [           main] o.a.k.clients.consumer.ConsumerConfig    : ConsumerConfig values: 
	allow.auto.create.topics = true
	auto.commit.interval.ms = 5000
	auto.include.jmx.reporter = true
	auto.offset.reset = earliest
	bootstrap.servers = [localhost:9092]
	check.crcs = true
	client.dns.lookup = use_all_dns_ips
	client.id = consumer-mediaservice-group-4
	client.rack = 
	connections.max.idle.ms = 540000
	default.api.timeout.ms = 60000
	enable.auto.commit = false
	enable.metrics.push = true
	exclude.internal.topics = true
	fetch.max.bytes = 52428800
	fetch.max.wait.ms = 500
	fetch.min.bytes = 1
	group.id = mediaservice-group
	group.instance.id = null
	group.protocol = classic
	group.remote.assignor = null
	heartbeat.interval.ms = 3000
	interceptor.classes = []
	internal.leave.group.on.close = true
	internal.throw.on.fetch.stable.offset.unsupported = false
	isolation.level = read_uncommitted
	key.deserializer = class org.apache.kafka.common.serialization.StringDeserializer
	max.partition.fetch.bytes = 1048576
	max.poll.interval.ms = 300000
	max.poll.records = 500
	metadata.max.age.ms = 300000
	metadata.recovery.strategy = none
	metric.reporters = []
	metrics.num.samples = 2
	metrics.recording.level = INFO
	metrics.sample.window.ms = 30000
	partition.assignment.strategy = [class org.apache.kafka.clients.consumer.RangeAssignor, class org.apache.kafka.clients.consumer.CooperativeStickyAssignor]
	receive.buffer.bytes = 65536
	reconnect.backoff.max.ms = 1000
	reconnect.backoff.ms = 50
	request.timeout.ms = 30000
	retry.backoff.max.ms = 1000
	retry.backoff.ms = 100
	sasl.client.callback.handler.class = null
	sasl.jaas.config = null
	sasl.kerberos.kinit.cmd = /usr/bin/kinit
	sasl.kerberos.min.time.before.relogin = 60000
	sasl.kerberos.service.name = null
	sasl.kerberos.ticket.renew.jitter = 0.05
	sasl.kerberos.ticket.renew.window.factor = 0.8
	sasl.login.callback.handler.class = null
	sasl.login.class = null
	sasl.login.connect.timeout.ms = null
	sasl.login.read.timeout.ms = null
	sasl.login.refresh.buffer.seconds = 300
	sasl.login.refresh.min.period.seconds = 60
	sasl.login.refresh.window.factor = 0.8
	sasl.login.refresh.window.jitter = 0.05
	sasl.login.retry.backoff.max.ms = 10000
	sasl.login.retry.backoff.ms = 100
	sasl.mechanism = GSSAPI
	sasl.oauthbearer.clock.skew.seconds = 30
	sasl.oauthbearer.expected.audience = null
	sasl.oauthbearer.expected.issuer = null
	sasl.oauthbearer.header.urlencode = false
	sasl.oauthbearer.jwks.endpoint.refresh.ms = 3600000
	sasl.oauthbearer.jwks.endpoint.retry.backoff.max.ms = 10000
	sasl.oauthbearer.jwks.endpoint.retry.backoff.ms = 100
	sasl.oauthbearer.jwks.endpoint.url = null
	sasl.oauthbearer.scope.claim.name = scope
	sasl.oauthbearer.sub.claim.name = sub
	sasl.oauthbearer.token.endpoint.url = null
	security.protocol = PLAINTEXT
	security.providers = null
	send.buffer.bytes = 131072
	session.timeout.ms = 45000
	socket.connection.setup.timeout.max.ms = 30000
	socket.connection.setup.timeout.ms = 10000
	ssl.cipher.suites = null
	ssl.enabled.protocols = [TLSv1.2, TLSv1.3]
	ssl.endpoint.identification.algorithm = https
	ssl.engine.factory.class = null
	ssl.key.password = null
	ssl.keymanager.algorithm = SunX509
	ssl.keystore.certificate.chain = null
	ssl.keystore.key = null
	ssl.keystore.location = null
	ssl.keystore.password = null
	ssl.keystore.type = JKS
	ssl.protocol = TLSv1.3
	ssl.provider = null
	ssl.secure.random.implementation = null
	ssl.trustmanager.algorithm = PKIX
	ssl.truststore.certificates = null
	ssl.truststore.location = null
	ssl.truststore.password = null
	ssl.truststore.type = JKS
	value.deserializer = class org.apache.kafka.common.serialization.StringDeserializer

2026-01-30T21:06:34.987+03:00  INFO 46443 --- [mediaservice] [           main] o.a.k.c.t.i.KafkaMetricsCollector        : initializing Kafka metrics collector
2026-01-30T21:06:35.058+03:00  INFO 46443 --- [mediaservice] [           main] o.a.kafka.common.utils.AppInfoParser     : Kafka version: 3.9.1
2026-01-30T21:06:35.059+03:00  INFO 46443 --- [mediaservice] [           main] o.a.kafka.common.utils.AppInfoParser     : Kafka commitId: f745dfdcee2b9851
2026-01-30T21:06:35.059+03:00  INFO 46443 --- [mediaservice] [           main] o.a.kafka.common.utils.AppInfoParser     : Kafka startTimeMs: 1769796395058
2026-01-30T21:06:35.067+03:00  INFO 46443 --- [mediaservice] [           main] o.a.k.c.c.i.ClassicKafkaConsumer         : [Consumer clientId=consumer-mediaservice-group-4, groupId=mediaservice-group] Subscribed to topic(s): product.image.delete
2026-01-30T21:06:35.077+03:00  INFO 46443 --- [mediaservice] [           main] o.a.k.clients.consumer.ConsumerConfig    : ConsumerConfig values: 
	allow.auto.create.topics = true
	auto.commit.interval.ms = 5000
	auto.include.jmx.reporter = true
	auto.offset.reset = earliest
	bootstrap.servers = [localhost:9092]
	check.crcs = true
	client.dns.lookup = use_all_dns_ips
	client.id = consumer-mediaservice-group-5
	client.rack = 
	connections.max.idle.ms = 540000
	default.api.timeout.ms = 60000
	enable.auto.commit = false
	enable.metrics.push = true
	exclude.internal.topics = true
	fetch.max.bytes = 52428800
	fetch.max.wait.ms = 500
	fetch.min.bytes = 1
	group.id = mediaservice-group
	group.instance.id = null
	group.protocol = classic
	group.remote.assignor = null
	heartbeat.interval.ms = 3000
	interceptor.classes = []
	internal.leave.group.on.close = true
	internal.throw.on.fetch.stable.offset.unsupported = false
	isolation.level = read_uncommitted
	key.deserializer = class org.apache.kafka.common.serialization.StringDeserializer
	max.partition.fetch.bytes = 1048576
	max.poll.interval.ms = 300000
	max.poll.records = 500
	metadata.max.age.ms = 300000
	metadata.recovery.strategy = none
	metric.reporters = []
	metrics.num.samples = 2
	metrics.recording.level = INFO
	metrics.sample.window.ms = 30000
	partition.assignment.strategy = [class org.apache.kafka.clients.consumer.RangeAssignor, class org.apache.kafka.clients.consumer.CooperativeStickyAssignor]
	receive.buffer.bytes = 65536
	reconnect.backoff.max.ms = 1000
	reconnect.backoff.ms = 50
	request.timeout.ms = 30000
	retry.backoff.max.ms = 1000
	retry.backoff.ms = 100
	sasl.client.callback.handler.class = null
	sasl.jaas.config = null
	sasl.kerberos.kinit.cmd = /usr/bin/kinit
	sasl.kerberos.min.time.before.relogin = 60000
	sasl.kerberos.service.name = null
	sasl.kerberos.ticket.renew.jitter = 0.05
	sasl.kerberos.ticket.renew.window.factor = 0.8
	sasl.login.callback.handler.class = null
	sasl.login.class = null
	sasl.login.connect.timeout.ms = null
	sasl.login.read.timeout.ms = null
	sasl.login.refresh.buffer.seconds = 300
	sasl.login.refresh.min.period.seconds = 60
	sasl.login.refresh.window.factor = 0.8
	sasl.login.refresh.window.jitter = 0.05
	sasl.login.retry.backoff.max.ms = 10000
	sasl.login.retry.backoff.ms = 100
	sasl.mechanism = GSSAPI
	sasl.oauthbearer.clock.skew.seconds = 30
	sasl.oauthbearer.expected.audience = null
	sasl.oauthbearer.expected.issuer = null
	sasl.oauthbearer.header.urlencode = false
	sasl.oauthbearer.jwks.endpoint.refresh.ms = 3600000
	sasl.oauthbearer.jwks.endpoint.retry.backoff.max.ms = 10000
	sasl.oauthbearer.jwks.endpoint.retry.backoff.ms = 100
	sasl.oauthbearer.jwks.endpoint.url = null
	sasl.oauthbearer.scope.claim.name = scope
	sasl.oauthbearer.sub.claim.name = sub
	sasl.oauthbearer.token.endpoint.url = null
	security.protocol = PLAINTEXT
	security.providers = null
	send.buffer.bytes = 131072
	session.timeout.ms = 45000
	socket.connection.setup.timeout.max.ms = 30000
	socket.connection.setup.timeout.ms = 10000
	ssl.cipher.suites = null
	ssl.enabled.protocols = [TLSv1.2, TLSv1.3]
	ssl.endpoint.identification.algorithm = https
	ssl.engine.factory.class = null
	ssl.key.password = null
	ssl.keymanager.algorithm = SunX509
	ssl.keystore.certificate.chain = null
	ssl.keystore.key = null
	ssl.keystore.location = null
	ssl.keystore.password = null
	ssl.keystore.type = JKS
	ssl.protocol = TLSv1.3
	ssl.provider = null
	ssl.secure.random.implementation = null
	ssl.trustmanager.algorithm = PKIX
	ssl.truststore.certificates = null
	ssl.truststore.location = null
	ssl.truststore.password = null
	ssl.truststore.type = JKS
	value.deserializer = class org.apache.kafka.common.serialization.StringDeserializer

2026-01-30T21:06:35.078+03:00  INFO 46443 --- [mediaservice] [           main] o.a.k.c.t.i.KafkaMetricsCollector        : initializing Kafka metrics collector
2026-01-30T21:06:35.129+03:00  INFO 46443 --- [mediaservice] [           main] o.a.kafka.common.utils.AppInfoParser     : Kafka version: 3.9.1
2026-01-30T21:06:35.129+03:00  INFO 46443 --- [mediaservice] [           main] o.a.kafka.common.utils.AppInfoParser     : Kafka commitId: f745dfdcee2b9851
2026-01-30T21:06:35.129+03:00  INFO 46443 --- [mediaservice] [           main] o.a.kafka.common.utils.AppInfoParser     : Kafka startTimeMs: 1769796395129
2026-01-30T21:06:35.130+03:00  INFO 46443 --- [mediaservice] [           main] o.a.k.c.c.i.ClassicKafkaConsumer         : [Consumer clientId=consumer-mediaservice-group-5, groupId=mediaservice-group] Subscribed to topic(s): user.avatar.upload
2026-01-30T21:06:35.138+03:00  INFO 46443 --- [mediaservice] [           main] o.a.k.clients.consumer.ConsumerConfig    : ConsumerConfig values: 
	allow.auto.create.topics = true
	auto.commit.interval.ms = 5000
	auto.include.jmx.reporter = true
	auto.offset.reset = earliest
	bootstrap.servers = [localhost:9092]
	check.crcs = true
	client.dns.lookup = use_all_dns_ips
	client.id = consumer-mediaservice-group-6
	client.rack = 
	connections.max.idle.ms = 540000
	default.api.timeout.ms = 60000
	enable.auto.commit = false
	enable.metrics.push = true
	exclude.internal.topics = true
	fetch.max.bytes = 52428800
	fetch.max.wait.ms = 500
	fetch.min.bytes = 1
	group.id = mediaservice-group
	group.instance.id = null
	group.protocol = classic
	group.remote.assignor = null
	heartbeat.interval.ms = 3000
	interceptor.classes = []
	internal.leave.group.on.close = true
	internal.throw.on.fetch.stable.offset.unsupported = false
	isolation.level = read_uncommitted
	key.deserializer = class org.apache.kafka.common.serialization.StringDeserializer
	max.partition.fetch.bytes = 1048576
	max.poll.interval.ms = 300000
	max.poll.records = 500
	metadata.max.age.ms = 300000
	metadata.recovery.strategy = none
	metric.reporters = []
	metrics.num.samples = 2
	metrics.recording.level = INFO
	metrics.sample.window.ms = 30000
	partition.assignment.strategy = [class org.apache.kafka.clients.consumer.RangeAssignor, class org.apache.kafka.clients.consumer.CooperativeStickyAssignor]
	receive.buffer.bytes = 65536
	reconnect.backoff.max.ms = 1000
	reconnect.backoff.ms = 50
	request.timeout.ms = 30000
	retry.backoff.max.ms = 1000
	retry.backoff.ms = 100
	sasl.client.callback.handler.class = null
	sasl.jaas.config = null
	sasl.kerberos.kinit.cmd = /usr/bin/kinit
	sasl.kerberos.min.time.before.relogin = 60000
	sasl.kerberos.service.name = null
	sasl.kerberos.ticket.renew.jitter = 0.05
	sasl.kerberos.ticket.renew.window.factor = 0.8
	sasl.login.callback.handler.class = null
	sasl.login.class = null
	sasl.login.connect.timeout.ms = null
	sasl.login.read.timeout.ms = null
	sasl.login.refresh.buffer.seconds = 300
	sasl.login.refresh.min.period.seconds = 60
	sasl.login.refresh.window.factor = 0.8
	sasl.login.refresh.window.jitter = 0.05
	sasl.login.retry.backoff.max.ms = 10000
	sasl.login.retry.backoff.ms = 100
	sasl.mechanism = GSSAPI
	sasl.oauthbearer.clock.skew.seconds = 30
	sasl.oauthbearer.expected.audience = null
	sasl.oauthbearer.expected.issuer = null
	sasl.oauthbearer.header.urlencode = false
	sasl.oauthbearer.jwks.endpoint.refresh.ms = 3600000
	sasl.oauthbearer.jwks.endpoint.retry.backoff.max.ms = 10000
	sasl.oauthbearer.jwks.endpoint.retry.backoff.ms = 100
	sasl.oauthbearer.jwks.endpoint.url = null
	sasl.oauthbearer.scope.claim.name = scope
	sasl.oauthbearer.sub.claim.name = sub
	sasl.oauthbearer.token.endpoint.url = null
	security.protocol = PLAINTEXT
	security.providers = null
	send.buffer.bytes = 131072
	session.timeout.ms = 45000
	socket.connection.setup.timeout.max.ms = 30000
	socket.connection.setup.timeout.ms = 10000
	ssl.cipher.suites = null
	ssl.enabled.protocols = [TLSv1.2, TLSv1.3]
	ssl.endpoint.identification.algorithm = https
	ssl.engine.factory.class = null
	ssl.key.password = null
	ssl.keymanager.algorithm = SunX509
	ssl.keystore.certificate.chain = null
	ssl.keystore.key = null
	ssl.keystore.location = null
	ssl.keystore.password = null
	ssl.keystore.type = JKS
	ssl.protocol = TLSv1.3
	ssl.provider = null
	ssl.secure.random.implementation = null
	ssl.trustmanager.algorithm = PKIX
	ssl.truststore.certificates = null
	ssl.truststore.location = null
	ssl.truststore.password = null
	ssl.truststore.type = JKS
	value.deserializer = class org.apache.kafka.common.serialization.StringDeserializer

2026-01-30T21:06:35.138+03:00  INFO 46443 --- [mediaservice] [           main] o.a.k.c.t.i.KafkaMetricsCollector        : initializing Kafka metrics collector
2026-01-30T21:06:35.155+03:00  INFO 46439 --- [userservice] [           main] o.a.kafka.common.utils.AppInfoParser     : Kafka version: 3.9.1
2026-01-30T21:06:35.157+03:00  INFO 46439 --- [userservice] [           main] o.a.kafka.common.utils.AppInfoParser     : Kafka commitId: f745dfdcee2b9851
2026-01-30T21:06:35.158+03:00  INFO 46439 --- [userservice] [           main] o.a.kafka.common.utils.AppInfoParser     : Kafka startTimeMs: 1769796395152
2026-01-30T21:06:35.164+03:00  INFO 46439 --- [userservice] [           main] o.a.k.c.c.i.ClassicKafkaConsumer         : [Consumer clientId=consumer-userservice-group-1, groupId=userservice-group] Subscribed to topic(s): media.uploaded
2026-01-30T21:06:35.220+03:00  INFO 46439 --- [userservice] [           main] c.s.u.UserServiceApplicationTests        : Started UserServiceApplicationTests in 11.265 seconds (process running for 17.51)
2026-01-30T21:06:35.167+03:00  INFO 46443 --- [mediaservice] [           main] o.a.kafka.common.utils.AppInfoParser     : Kafka version: 3.9.1
2026-01-30T21:06:35.168+03:00  INFO 46443 --- [mediaservice] [           main] o.a.kafka.common.utils.AppInfoParser     : Kafka commitId: f745dfdcee2b9851
2026-01-30T21:06:35.168+03:00  INFO 46443 --- [mediaservice] [           main] o.a.kafka.common.utils.AppInfoParser     : Kafka startTimeMs: 1769796395167
2026-01-30T21:06:35.169+03:00  INFO 46443 --- [mediaservice] [           main] o.a.k.c.c.i.ClassicKafkaConsumer         : [Consumer clientId=consumer-mediaservice-group-6, groupId=mediaservice-group] Subscribed to topic(s): user.avatar.update
2026-01-30T21:06:35.204+03:00  INFO 46443 --- [mediaservice] [           main] c.s.m.MediaServiceApplicationTests       : Started MediaServiceApplicationTests in 10.952 seconds (process running for 17.492)
2026-01-30T21:06:35.405+03:00  INFO 46563 --- [productservice] [           main] DiscoveryClientOptionalArgsConfiguration : Eureka HTTP Client uses RestTemplate.
2026-01-30T21:06:35.623+03:00  WARN 46563 --- [productservice] [           main] iguration$LoadBalancerCaffeineWarnLogger : Spring Cloud LoadBalancer is currently working with the default cache. While this cache implementation is useful for development and tests, it's recommended to use Caffeine cache in production.You can switch to using Caffeine cache, by adding it and org.springframework.cache.caffeine.CaffeineCacheManager to the classpath.
[ERROR] Errors: 
[ERROR]   AuthServiceTest.loginUser_WithValidCredentials_ShouldReturnLoginResponse:133 » NullPointer Cannot invoke "com.sayedhesham.userservice.service.security.JwtService.generateToken(com.sayedhesham.userservice.model.User)" because "this.jwtService" is null
[ERROR] Tests run: 16, Failures: 0, Errors: 1, Skipped: 0
2026-01-30T21:06:35.995+03:00  INFO 46563 --- [productservice] [           main] o.a.k.clients.consumer.ConsumerConfig    : ConsumerConfig values: 
	allow.auto.create.topics = true
	auto.commit.interval.ms = 5000
	auto.include.jmx.reporter = true
	auto.offset.reset = earliest
	bootstrap.servers = [localhost:9092]
	check.crcs = true
	client.dns.lookup = use_all_dns_ips
	client.id = consumer-productservice-group-1
	client.rack = 
	connections.max.idle.ms = 540000
	default.api.timeout.ms = 60000
	enable.auto.commit = false
	enable.metrics.push = true
	exclude.internal.topics = true
	fetch.max.bytes = 52428800
	fetch.max.wait.ms = 500
	fetch.min.bytes = 1
	group.id = productservice-group
	group.instance.id = null
	group.protocol = classic
	group.remote.assignor = null
	heartbeat.interval.ms = 3000
	interceptor.classes = []
	internal.leave.group.on.close = true
	internal.throw.on.fetch.stable.offset.unsupported = false
	isolation.level = read_uncommitted
	key.deserializer = class org.apache.kafka.common.serialization.StringDeserializer
	max.partition.fetch.bytes = 1048576
	max.poll.interval.ms = 300000
	max.poll.records = 500
	metadata.max.age.ms = 300000
	metadata.recovery.strategy = none
	metric.reporters = []
	metrics.num.samples = 2
	metrics.recording.level = INFO
	metrics.sample.window.ms = 30000
	partition.assignment.strategy = [class org.apache.kafka.clients.consumer.RangeAssignor, class org.apache.kafka.clients.consumer.CooperativeStickyAssignor]
	receive.buffer.bytes = 65536
	reconnect.backoff.max.ms = 1000
	reconnect.backoff.ms = 50
	request.timeout.ms = 30000
	retry.backoff.max.ms = 1000
	retry.backoff.ms = 100
	sasl.client.callback.handler.class = null
	sasl.jaas.config = null
	sasl.kerberos.kinit.cmd = /usr/bin/kinit
	sasl.kerberos.min.time.before.relogin = 60000
	sasl.kerberos.service.name = null
	sasl.kerberos.ticket.renew.jitter = 0.05
	sasl.kerberos.ticket.renew.window.factor = 0.8
	sasl.login.callback.handler.class = null
	sasl.login.class = null
	sasl.login.connect.timeout.ms = null
	sasl.login.read.timeout.ms = null
	sasl.login.refresh.buffer.seconds = 300
	sasl.login.refresh.min.period.seconds = 60
	sasl.login.refresh.window.factor = 0.8
	sasl.login.refresh.window.jitter = 0.05
	sasl.login.retry.backoff.max.ms = 10000
	sasl.login.retry.backoff.ms = 100
	sasl.mechanism = GSSAPI
	sasl.oauthbearer.clock.skew.seconds = 30
	sasl.oauthbearer.expected.audience = null
	sasl.oauthbearer.expected.issuer = null
	sasl.oauthbearer.header.urlencode = false
	sasl.oauthbearer.jwks.endpoint.refresh.ms = 3600000
	sasl.oauthbearer.jwks.endpoint.retry.backoff.max.ms = 10000
	sasl.oauthbearer.jwks.endpoint.retry.backoff.ms = 100
	sasl.oauthbearer.jwks.endpoint.url = null
	sasl.oauthbearer.scope.claim.name = scope
	sasl.oauthbearer.sub.claim.name = sub
	sasl.oauthbearer.token.endpoint.url = null
	security.protocol = PLAINTEXT
	security.providers = null
	send.buffer.bytes = 131072
	session.timeout.ms = 45000
	socket.connection.setup.timeout.max.ms = 30000
	socket.connection.setup.timeout.ms = 10000
	ssl.cipher.suites = null
	ssl.enabled.protocols = [TLSv1.2, TLSv1.3]
	ssl.endpoint.identification.algorithm = https
	ssl.engine.factory.class = null
	ssl.key.password = null
	ssl.keymanager.algorithm = SunX509
	ssl.keystore.certificate.chain = null
	ssl.keystore.key = null
	ssl.keystore.location = null
	ssl.keystore.password = null
	ssl.keystore.type = JKS
	ssl.protocol = TLSv1.3
	ssl.provider = null
	ssl.secure.random.implementation = null
	ssl.trustmanager.algorithm = PKIX
	ssl.truststore.certificates = null
	ssl.truststore.location = null
	ssl.truststore.password = null
	ssl.truststore.type = JKS
	value.deserializer = class org.apache.kafka.common.serialization.StringDeserializer

2026-01-30T21:06:36.109+03:00  INFO 46563 --- [productservice] [           main] o.a.k.c.t.i.KafkaMetricsCollector        : initializing Kafka metrics collector
2026-01-30T21:06:36.450+03:00  INFO 46563 --- [productservice] [           main] o.a.kafka.common.utils.AppInfoParser     : Kafka version: 3.9.1
2026-01-30T21:06:36.452+03:00  INFO 46563 --- [productservice] [           main] o.a.kafka.common.utils.AppInfoParser     : Kafka commitId: f745dfdcee2b9851
2026-01-30T21:06:36.452+03:00  INFO 46563 --- [productservice] [           main] o.a.kafka.common.utils.AppInfoParser     : Kafka startTimeMs: 1769796396447
2026-01-30T21:06:36.457+03:00  INFO 46563 --- [productservice] [           main] o.a.k.c.c.i.ClassicKafkaConsumer         : [Consumer clientId=consumer-productservice-group-1, groupId=productservice-group] Subscribed to topic(s): media.uploaded
2026-01-30T21:06:36.474+03:00  INFO 46563 --- [productservice] [           main] o.a.k.clients.consumer.ConsumerConfig    : ConsumerConfig values: 
	allow.auto.create.topics = true
	auto.commit.interval.ms = 5000
	auto.include.jmx.reporter = true
	auto.offset.reset = earliest
	bootstrap.servers = [localhost:9092]
	check.crcs = true
	client.dns.lookup = use_all_dns_ips
	client.id = consumer-productservice-group-2
	client.rack = 
	connections.max.idle.ms = 540000
	default.api.timeout.ms = 60000
	enable.auto.commit = false
	enable.metrics.push = true
	exclude.internal.topics = true
	fetch.max.bytes = 52428800
	fetch.max.wait.ms = 500
	fetch.min.bytes = 1
	group.id = productservice-group
	group.instance.id = null
	group.protocol = classic
	group.remote.assignor = null
	heartbeat.interval.ms = 3000
	interceptor.classes = []
	internal.leave.group.on.close = true
	internal.throw.on.fetch.stable.offset.unsupported = false
	isolation.level = read_uncommitted
	key.deserializer = class org.apache.kafka.common.serialization.StringDeserializer
	max.partition.fetch.bytes = 1048576
	max.poll.interval.ms = 300000
	max.poll.records = 500
	metadata.max.age.ms = 300000
	metadata.recovery.strategy = none
	metric.reporters = []
	metrics.num.samples = 2
	metrics.recording.level = INFO
	metrics.sample.window.ms = 30000
	partition.assignment.strategy = [class org.apache.kafka.clients.consumer.RangeAssignor, class org.apache.kafka.clients.consumer.CooperativeStickyAssignor]
	receive.buffer.bytes = 65536
	reconnect.backoff.max.ms = 1000
	reconnect.backoff.ms = 50
	request.timeout.ms = 30000
	retry.backoff.max.ms = 1000
	retry.backoff.ms = 100
	sasl.client.callback.handler.class = null
	sasl.jaas.config = null
	sasl.kerberos.kinit.cmd = /usr/bin/kinit
	sasl.kerberos.min.time.before.relogin = 60000
	sasl.kerberos.service.name = null
	sasl.kerberos.ticket.renew.jitter = 0.05
	sasl.kerberos.ticket.renew.window.factor = 0.8
	sasl.login.callback.handler.class = null
	sasl.login.class = null
	sasl.login.connect.timeout.ms = null
	sasl.login.read.timeout.ms = null
	sasl.login.refresh.buffer.seconds = 300
	sasl.login.refresh.min.period.seconds = 60
	sasl.login.refresh.window.factor = 0.8
	sasl.login.refresh.window.jitter = 0.05
	sasl.login.retry.backoff.max.ms = 10000
	sasl.login.retry.backoff.ms = 100
	sasl.mechanism = GSSAPI
	sasl.oauthbearer.clock.skew.seconds = 30
	sasl.oauthbearer.expected.audience = null
	sasl.oauthbearer.expected.issuer = null
	sasl.oauthbearer.header.urlencode = false
	sasl.oauthbearer.jwks.endpoint.refresh.ms = 3600000
	sasl.oauthbearer.jwks.endpoint.retry.backoff.max.ms = 10000
	sasl.oauthbearer.jwks.endpoint.retry.backoff.ms = 100
	sasl.oauthbearer.jwks.endpoint.url = null
	sasl.oauthbearer.scope.claim.name = scope
	sasl.oauthbearer.sub.claim.name = sub
	sasl.oauthbearer.token.endpoint.url = null
	security.protocol = PLAINTEXT
	security.providers = null
	send.buffer.bytes = 131072
	session.timeout.ms = 45000
	socket.connection.setup.timeout.max.ms = 30000
	socket.connection.setup.timeout.ms = 10000
	ssl.cipher.suites = null
	ssl.enabled.protocols = [TLSv1.2, TLSv1.3]
	ssl.endpoint.identification.algorithm = https
	ssl.engine.factory.class = null
	ssl.key.password = null
	ssl.keymanager.algorithm = SunX509
	ssl.keystore.certificate.chain = null
	ssl.keystore.key = null
	ssl.keystore.location = null
	ssl.keystore.password = null
	ssl.keystore.type = JKS
	ssl.protocol = TLSv1.3
	ssl.provider = null
	ssl.secure.random.implementation = null
	ssl.trustmanager.algorithm = PKIX
	ssl.truststore.certificates = null
	ssl.truststore.location = null
	ssl.truststore.password = null
	ssl.truststore.type = JKS
	value.deserializer = class org.apache.kafka.common.serialization.StringDeserializer

2026-01-30T21:06:36.475+03:00  INFO 46563 --- [productservice] [           main] o.a.k.c.t.i.KafkaMetricsCollector        : initializing Kafka metrics collector
2026-01-30T21:06:36.490+03:00  INFO 46563 --- [productservice] [           main] o.a.kafka.common.utils.AppInfoParser     : Kafka version: 3.9.1
2026-01-30T21:06:36.491+03:00  INFO 46563 --- [productservice] [           main] o.a.kafka.common.utils.AppInfoParser     : Kafka commitId: f745dfdcee2b9851
2026-01-30T21:06:36.491+03:00  INFO 46563 --- [productservice] [           main] o.a.kafka.common.utils.AppInfoParser     : Kafka startTimeMs: 1769796396490
2026-01-30T21:06:36.492+03:00  INFO 46563 --- [productservice] [           main] o.a.k.c.c.i.ClassicKafkaConsumer         : [Consumer clientId=consumer-productservice-group-2, groupId=productservice-group] Subscribed to topic(s): order.product.event
2026-01-30T21:06:36.496+03:00  INFO 46563 --- [productservice] [           main] o.a.k.clients.consumer.ConsumerConfig    : ConsumerConfig values: 
	allow.auto.create.topics = true
	auto.commit.interval.ms = 5000
	auto.include.jmx.reporter = true
	auto.offset.reset = earliest
	bootstrap.servers = [localhost:9092]
	check.crcs = true
	client.dns.lookup = use_all_dns_ips
	client.id = consumer-productservice-group-3
	client.rack = 
	connections.max.idle.ms = 540000
	default.api.timeout.ms = 60000
	enable.auto.commit = false
	enable.metrics.push = true
	exclude.internal.topics = true
	fetch.max.bytes = 52428800
	fetch.max.wait.ms = 500
	fetch.min.bytes = 1
	group.id = productservice-group
	group.instance.id = null
	group.protocol = classic
	group.remote.assignor = null
	heartbeat.interval.ms = 3000
	interceptor.classes = []
	internal.leave.group.on.close = true
	internal.throw.on.fetch.stable.offset.unsupported = false
	isolation.level = read_uncommitted
	key.deserializer = class org.apache.kafka.common.serialization.StringDeserializer
	max.partition.fetch.bytes = 1048576
	max.poll.interval.ms = 300000
	max.poll.records = 500
	metadata.max.age.ms = 300000
	metadata.recovery.strategy = none
	metric.reporters = []
	metrics.num.samples = 2
	metrics.recording.level = INFO
	metrics.sample.window.ms = 30000
	partition.assignment.strategy = [class org.apache.kafka.clients.consumer.RangeAssignor, class org.apache.kafka.clients.consumer.CooperativeStickyAssignor]
	receive.buffer.bytes = 65536
	reconnect.backoff.max.ms = 1000
	reconnect.backoff.ms = 50
	request.timeout.ms = 30000
	retry.backoff.max.ms = 1000
	retry.backoff.ms = 100
	sasl.client.callback.handler.class = null
	sasl.jaas.config = null
	sasl.kerberos.kinit.cmd = /usr/bin/kinit
	sasl.kerberos.min.time.before.relogin = 60000
	sasl.kerberos.service.name = null
	sasl.kerberos.ticket.renew.jitter = 0.05
	sasl.kerberos.ticket.renew.window.factor = 0.8
	sasl.login.callback.handler.class = null
	sasl.login.class = null
	sasl.login.connect.timeout.ms = null
	sasl.login.read.timeout.ms = null
	sasl.login.refresh.buffer.seconds = 300
	sasl.login.refresh.min.period.seconds = 60
	sasl.login.refresh.window.factor = 0.8
	sasl.login.refresh.window.jitter = 0.05
	sasl.login.retry.backoff.max.ms = 10000
	sasl.login.retry.backoff.ms = 100
	sasl.mechanism = GSSAPI
	sasl.oauthbearer.clock.skew.seconds = 30
	sasl.oauthbearer.expected.audience = null
	sasl.oauthbearer.expected.issuer = null
	sasl.oauthbearer.header.urlencode = false
	sasl.oauthbearer.jwks.endpoint.refresh.ms = 3600000
	sasl.oauthbearer.jwks.endpoint.retry.backoff.max.ms = 10000
	sasl.oauthbearer.jwks.endpoint.retry.backoff.ms = 100
	sasl.oauthbearer.jwks.endpoint.url = null
	sasl.oauthbearer.scope.claim.name = scope
	sasl.oauthbearer.sub.claim.name = sub
	sasl.oauthbearer.token.endpoint.url = null
	security.protocol = PLAINTEXT
	security.providers = null
	send.buffer.bytes = 131072
	session.timeout.ms = 45000
	socket.connection.setup.timeout.max.ms = 30000
	socket.connection.setup.timeout.ms = 10000
	ssl.cipher.suites = null
	ssl.enabled.protocols = [TLSv1.2, TLSv1.3]
	ssl.endpoint.identification.algorithm = https
	ssl.engine.factory.class = null
	ssl.key.password = null
	ssl.keymanager.algorithm = SunX509
	ssl.keystore.certificate.chain = null
	ssl.keystore.key = null
	ssl.keystore.location = null
	ssl.keystore.password = null
	ssl.keystore.type = JKS
	ssl.protocol = TLSv1.3
	ssl.provider = null
	ssl.secure.random.implementation = null
	ssl.trustmanager.algorithm = PKIX
	ssl.truststore.certificates = null
	ssl.truststore.location = null
	ssl.truststore.password = null
	ssl.truststore.type = JKS
	value.deserializer = class org.apache.kafka.common.serialization.StringDeserializer

2026-01-30T21:06:36.497+03:00  INFO 46563 --- [productservice] [           main] o.a.k.c.t.i.KafkaMetricsCollector        : initializing Kafka metrics collector
2026-01-30T21:06:36.510+03:00  INFO 46563 --- [productservice] [           main] o.a.kafka.common.utils.AppInfoParser     : Kafka version: 3.9.1
2026-01-30T21:06:36.511+03:00  INFO 46563 --- [productservice] [           main] o.a.kafka.common.utils.AppInfoParser     : Kafka commitId: f745dfdcee2b9851
2026-01-30T21:06:36.511+03:00  INFO 46563 --- [productservice] [           main] o.a.kafka.common.utils.AppInfoParser     : Kafka startTimeMs: 1769796396510
2026-01-30T21:06:36.512+03:00  INFO 46563 --- [productservice] [           main] o.a.k.c.c.i.ClassicKafkaConsumer         : [Consumer clientId=consumer-productservice-group-3, groupId=productservice-group] Subscribed to topic(s): order.inventory.release
2026-01-30T21:06:36.534+03:00  INFO 46563 --- [productservice] [           main] c.s.p.ProductServiceApplicationTests     : Started ProductServiceApplicationTests in 12.106 seconds (process running for 18.574)
[ERROR] Failed to execute goal org.apache.maven.plugins:maven-surefire-plugin:3.5.4:test (default-test) on project userservice: 
[ERROR] 
[ERROR] See /var/lib/jenkins/workspace/ecommerce-microservices-pipeline/backend/user-service/target/surefire-reports for the individual test results.
[ERROR] See dump files (if any exist) [date].dump, [date]-jvmRun[N].dump and [date].dumpstream.
[ERROR] -> [Help 1]
[ERROR] 
[ERROR] To see the full stack trace of the errors, re-run Maven with the -e switch.
[ERROR] Re-run Maven using the -X switch to enable full debug logging.
[ERROR] 
[ERROR] For more information about the errors and possible solutions, please read the following articles:
[ERROR] [Help 1] http://cwiki.apache.org/confluence/display/MAVEN/MojoFailureException
[ERROR] 
[ERROR] After correcting the problems, you can resume the build with the command
[ERROR]   mvn <args> -rf :userservice
[Pipeline] }
[Pipeline] // dir
[Pipeline] }
[Pipeline] // withEnv
[Pipeline] }
[Pipeline] // stage
[Pipeline] stage
[Pipeline] { (Frontend build & test)
Stage "Frontend build & test" skipped due to earlier failure(s)
[Pipeline] getContext
[Pipeline] }
[Pipeline] // stage
[Pipeline] stage
[Pipeline] { (SonarQube Analysis)
Stage "SonarQube Analysis" skipped due to earlier failure(s)
[Pipeline] getContext
[Pipeline] }
[Pipeline] // stage
[Pipeline] stage
[Pipeline] { (Quality Gate)
Stage "Quality Gate" skipped due to earlier failure(s)
[Pipeline] getContext
[Pipeline] }
[Pipeline] // stage
[Pipeline] stage
[Pipeline] { (Docker Operations)
Stage "Docker Operations" skipped due to earlier failure(s)
[Pipeline] getContext
[Pipeline] stage
[Pipeline] { (Prepare Rollback In case of Error)
Stage "Docker Operations" skipped due to earlier failure(s)
[Pipeline] getContext
[Pipeline] }
[Pipeline] // stage
[Pipeline] stage
[Pipeline] { (Docker Build)
Stage "Docker Operations" skipped due to earlier failure(s)
[Pipeline] getContext
[Pipeline] }
[Pipeline] // stage
[Pipeline] stage
[Pipeline] { (Docker Deploy)
Stage "Docker Operations" skipped due to earlier failure(s)
[Pipeline] getContext
[Pipeline] }
[Pipeline] // stage
[Pipeline] }
[Pipeline] // stage
[Pipeline] stage
[Pipeline] { (Declarative: Post Actions)
[Pipeline] echo
Build #60 failed.
[Pipeline] emailext
Sending email to: hishamalmosawii@gmail.com
[Pipeline] }
[Pipeline] // stage
[Pipeline] }
[Pipeline] // withEnv
[Pipeline] }
[Pipeline] // withEnv
[Pipeline] }
[Pipeline] // withEnv
[Pipeline] }
[Pipeline] // node
[Pipeline] End of Pipeline
ERROR: script returned exit code 1
Finished: FAILURE
